{"/home/travis/build/npmtest/node-npmtest-hyperline/test.js":{"path":"/home/travis/build/npmtest/node-npmtest-hyperline/test.js","s":{"1":2,"2":2,"3":2,"4":2,"5":2,"6":2,"7":2,"8":1,"9":2,"10":2,"11":1,"12":1,"13":1,"14":1,"15":2,"16":2,"17":2,"18":2,"19":1,"20":1,"21":2,"22":2,"23":2,"24":1,"25":1,"26":1,"27":1,"28":1,"29":1,"30":1,"31":1,"32":1,"33":1,"34":1,"35":1,"36":1,"37":1,"38":1,"39":2,"40":2,"41":1,"42":2,"43":2,"44":1,"45":2,"46":2,"47":1,"48":2,"49":2,"50":1,"51":1,"52":1,"53":1,"54":1},"b":{"1":[2,1,1,1],"2":[1,1,1,1],"3":[1,1],"4":[1,1],"5":[1,1],"6":[1,1],"7":[1,1],"8":[1,1],"9":[1,1],"10":[1,1,1],"11":[1,1],"12":[1,1],"13":[1,1],"14":[1,1],"15":[1,1],"16":[1,1],"17":[1,1]},"f":{"1":2,"2":2,"3":2,"4":2,"5":2,"6":1,"7":1,"8":1,"9":2,"10":2,"11":2,"12":2,"13":1},"fnMap":{"1":{"name":"(anonymous_1)","line":12,"loc":{"start":{"line":12,"column":1},"end":{"line":12,"column":13}}},"2":{"name":"(anonymous_2)","line":19,"loc":{"start":{"line":19,"column":5},"end":{"line":19,"column":17}}},"3":{"name":"(anonymous_3)","line":23,"loc":{"start":{"line":23,"column":24},"end":{"line":23,"column":36}}},"4":{"name":"(anonymous_4)","line":61,"loc":{"start":{"line":61,"column":5},"end":{"line":61,"column":17}}},"5":{"name":"(anonymous_5)","line":82,"loc":{"start":{"line":82,"column":5},"end":{"line":82,"column":17}}},"6":{"name":"(anonymous_6)","line":91,"loc":{"start":{"line":91,"column":77},"end":{"line":94,"column":10}}},"7":{"name":"(anonymous_7)","line":112,"loc":{"start":{"line":112,"column":83},"end":{"line":115,"column":10}},"skip":true},"8":{"name":"(anonymous_8)","line":123,"loc":{"start":{"line":123,"column":77},"end":{"line":126,"column":10}},"skip":true},"9":{"name":"(anonymous_9)","line":139,"loc":{"start":{"line":139,"column":12},"end":{"line":139,"column":40}},"skip":true},"10":{"name":"(anonymous_10)","line":147,"loc":{"start":{"line":147,"column":77},"end":{"line":150,"column":10}},"skip":true},"11":{"name":"(anonymous_11)","line":158,"loc":{"start":{"line":158,"column":83},"end":{"line":161,"column":10}},"skip":true},"12":{"name":"(anonymous_12)","line":169,"loc":{"start":{"line":169,"column":79},"end":{"line":172,"column":10}},"skip":true},"13":{"name":"(anonymous_13)","line":180,"loc":{"start":{"line":180,"column":75},"end":{"line":183,"column":10}},"skip":true}},"statementMap":{"1":{"start":{"line":12,"column":0},"end":{"line":195,"column":5}},"2":{"start":{"line":14,"column":4},"end":{"line":14,"column":14}},"3":{"start":{"line":19,"column":4},"end":{"line":56,"column":9}},"4":{"start":{"line":21,"column":8},"end":{"line":21,"column":19}},"5":{"start":{"line":23,"column":8},"end":{"line":35,"column":13}},"6":{"start":{"line":24,"column":12},"end":{"line":34,"column":13}},"7":{"start":{"line":25,"column":16},"end":{"line":28,"column":30}},"8":{"start":{"line":30,"column":16},"end":{"line":33,"column":27}},"9":{"start":{"line":37,"column":8},"end":{"line":39,"column":21}},"10":{"start":{"line":40,"column":8},"end":{"line":53,"column":9}},"11":{"start":{"line":43,"column":12},"end":{"line":46,"column":14}},"12":{"start":{"line":47,"column":12},"end":{"line":47,"column":18}},"13":{"start":{"line":50,"column":12},"end":{"line":51,"column":46}},"14":{"start":{"line":52,"column":12},"end":{"line":52,"column":18}},"15":{"start":{"line":55,"column":8},"end":{"line":55,"column":35}},"16":{"start":{"line":61,"column":4},"end":{"line":63,"column":9}},"17":{"start":{"line":62,"column":8},"end":{"line":62,"column":15}},"18":{"start":{"line":64,"column":4},"end":{"line":77,"column":5}},"19":{"start":{"line":70,"column":8},"end":{"line":70,"column":14}},"20":{"start":{"line":76,"column":8},"end":{"line":76,"column":14}},"21":{"start":{"line":82,"column":4},"end":{"line":84,"column":9}},"22":{"start":{"line":83,"column":8},"end":{"line":83,"column":15}},"23":{"start":{"line":85,"column":4},"end":{"line":194,"column":5}},"24":{"start":{"line":91,"column":8},"end":{"line":99,"column":10}},"25":{"start":{"line":98,"column":12},"end":{"line":98,"column":35}},"26":{"start":{"line":102,"column":8},"end":{"line":104,"column":63}},"27":{"start":{"line":105,"column":8},"end":{"line":105,"column":14}},"28":{"start":{"line":112,"column":8},"end":{"line":121,"column":10},"skip":true},"29":{"start":{"line":119,"column":12},"end":{"line":119,"column":55},"skip":true},"30":{"start":{"line":120,"column":12},"end":{"line":120,"column":48},"skip":true},"31":{"start":{"line":123,"column":8},"end":{"line":136,"column":10},"skip":true},"32":{"start":{"line":130,"column":12},"end":{"line":130,"column":76},"skip":true},"33":{"start":{"line":131,"column":12},"end":{"line":131,"column":73},"skip":true},"34":{"start":{"line":132,"column":12},"end":{"line":132,"column":74},"skip":true},"35":{"start":{"line":133,"column":12},"end":{"line":133,"column":79},"skip":true},"36":{"start":{"line":134,"column":12},"end":{"line":134,"column":25},"skip":true},"37":{"start":{"line":135,"column":12},"end":{"line":135,"column":45},"skip":true},"38":{"start":{"line":138,"column":8},"end":{"line":145,"column":14},"skip":true},"39":{"start":{"line":143,"column":16},"end":{"line":143,"column":29},"skip":true},"40":{"start":{"line":144,"column":16},"end":{"line":144,"column":55},"skip":true},"41":{"start":{"line":147,"column":8},"end":{"line":156,"column":10},"skip":true},"42":{"start":{"line":154,"column":12},"end":{"line":154,"column":25},"skip":true},"43":{"start":{"line":155,"column":12},"end":{"line":155,"column":45},"skip":true},"44":{"start":{"line":158,"column":8},"end":{"line":167,"column":10},"skip":true},"45":{"start":{"line":165,"column":12},"end":{"line":165,"column":25},"skip":true},"46":{"start":{"line":166,"column":12},"end":{"line":166,"column":48},"skip":true},"47":{"start":{"line":169,"column":8},"end":{"line":178,"column":10},"skip":true},"48":{"start":{"line":176,"column":12},"end":{"line":176,"column":25},"skip":true},"49":{"start":{"line":177,"column":12},"end":{"line":177,"column":46},"skip":true},"50":{"start":{"line":180,"column":8},"end":{"line":189,"column":10},"skip":true},"51":{"start":{"line":187,"column":12},"end":{"line":187,"column":94},"skip":true},"52":{"start":{"line":188,"column":12},"end":{"line":188,"column":48},"skip":true},"53":{"start":{"line":192,"column":8},"end":{"line":192,"column":35},"skip":true},"54":{"start":{"line":193,"column":8},"end":{"line":193,"column":14},"skip":true}},"branchMap":{"1":{"line":25,"type":"binary-expr","locations":[{"start":{"line":25,"column":23},"end":{"line":25,"column":62}},{"start":{"line":26,"column":20},"end":{"line":26,"column":70}},{"start":{"line":27,"column":20},"end":{"line":27,"column":71}},{"start":{"line":28,"column":20},"end":{"line":28,"column":29}}]},"2":{"line":30,"type":"binary-expr","locations":[{"start":{"line":30,"column":23},"end":{"line":30,"column":37}},{"start":{"line":31,"column":20},"end":{"line":31,"column":61}},{"start":{"line":32,"column":20},"end":{"line":32,"column":70}},{"start":{"line":33,"column":20},"end":{"line":33,"column":26}}]},"3":{"line":37,"type":"cond-expr","locations":[{"start":{"line":38,"column":14},"end":{"line":38,"column":20}},{"start":{"line":39,"column":14},"end":{"line":39,"column":20}}]},"4":{"line":40,"type":"switch","locations":[{"start":{"line":42,"column":8},"end":{"line":47,"column":18}},{"start":{"line":49,"column":8},"end":{"line":52,"column":18}}]},"5":{"line":44,"type":"binary-expr","locations":[{"start":{"line":44,"column":16},"end":{"line":44,"column":44}},{"start":{"line":44,"column":48},"end":{"line":44,"column":66}}]},"6":{"line":50,"type":"binary-expr","locations":[{"start":{"line":50,"column":21},"end":{"line":50,"column":49}},{"start":{"line":50,"column":53},"end":{"line":50,"column":72}}]},"7":{"line":64,"type":"switch","locations":[{"start":{"line":69,"column":4},"end":{"line":70,"column":14}},{"start":{"line":75,"column":4},"end":{"line":76,"column":14}}]},"8":{"line":85,"type":"switch","locations":[{"start":{"line":90,"column":4},"end":{"line":105,"column":14}},{"start":{"line":111,"column":4},"end":{"line":193,"column":14},"skip":true}]},"9":{"line":91,"type":"binary-expr","locations":[{"start":{"line":91,"column":42},"end":{"line":91,"column":73}},{"start":{"line":91,"column":77},"end":{"line":99,"column":9}}]},"10":{"line":102,"type":"binary-expr","locations":[{"start":{"line":102,"column":18},"end":{"line":102,"column":32}},{"start":{"line":103,"column":12},"end":{"line":103,"column":53}},{"start":{"line":104,"column":12},"end":{"line":104,"column":61}}]},"11":{"line":112,"type":"binary-expr","locations":[{"start":{"line":112,"column":45},"end":{"line":112,"column":79},"skip":true},{"start":{"line":112,"column":83},"end":{"line":121,"column":9},"skip":true}]},"12":{"line":123,"type":"binary-expr","locations":[{"start":{"line":123,"column":42},"end":{"line":123,"column":73},"skip":true},{"start":{"line":123,"column":77},"end":{"line":136,"column":9},"skip":true}]},"13":{"line":138,"type":"binary-expr","locations":[{"start":{"line":138,"column":48},"end":{"line":138,"column":85},"skip":true},{"start":{"line":139,"column":12},"end":{"line":145,"column":13},"skip":true}]},"14":{"line":147,"type":"binary-expr","locations":[{"start":{"line":147,"column":42},"end":{"line":147,"column":73},"skip":true},{"start":{"line":147,"column":77},"end":{"line":156,"column":9},"skip":true}]},"15":{"line":158,"type":"binary-expr","locations":[{"start":{"line":158,"column":45},"end":{"line":158,"column":79},"skip":true},{"start":{"line":158,"column":83},"end":{"line":167,"column":9},"skip":true}]},"16":{"line":169,"type":"binary-expr","locations":[{"start":{"line":169,"column":43},"end":{"line":169,"column":75},"skip":true},{"start":{"line":169,"column":79},"end":{"line":178,"column":9},"skip":true}]},"17":{"line":180,"type":"binary-expr","locations":[{"start":{"line":180,"column":41},"end":{"line":180,"column":71},"skip":true},{"start":{"line":180,"column":75},"end":{"line":189,"column":9},"skip":true}]}},"code":["/* istanbul instrument in package npmtest_hyperline */","/*jslint","    bitwise: true,","    browser: true,","    maxerr: 8,","    maxlen: 96,","    node: true,","    nomen: true,","    regexp: true,","    stupid: true","*/","(function () {","    'use strict';","    var local;","","","","    // run shared js-env code - pre-init","    (function () {","        // init local","        local = {};","        // init modeJs","        local.modeJs = (function () {","            try {","                return typeof navigator.userAgent === 'string' &&","                    typeof document.querySelector('body') === 'object' &&","                    typeof XMLHttpRequest.prototype.open === 'function' &&","                    'browser';","            } catch (errorCaughtBrowser) {","                return module.exports &&","                    typeof process.versions.node === 'string' &&","                    typeof require('http').createServer === 'function' &&","                    'node';","            }","        }());","        // init global","        local.global = local.modeJs === 'browser'","            ? window","            : global;","        switch (local.modeJs) {","        // re-init local from window.local","        case 'browser':","            local = local.global.utility2.objectSetDefault(","                local.global.utility2_rollup || local.global.local,","                local.global.utility2","            );","            break;","        // re-init local from example.js","        case 'node':","            local = (local.global.utility2_rollup || require('utility2'))","                .requireExampleJsFromReadme();","            break;","        }","        // export local","        local.global.local = local;","    }());","","","","    // run shared js-env code - function","    (function () {","        return;","    }());","    switch (local.modeJs) {","","","","    // run browser js-env code - function","    case 'browser':","        break;","","","","    // run node js-env code - function","    case 'node':","        break;","    }","","","","    // run shared js-env code - post-init","    (function () {","        return;","    }());","    switch (local.modeJs) {","","","","    // run browser js-env code - post-init","    case 'browser':","        local.testCase_browser_nullCase = local.testCase_browser_nullCase || function (","            options,","            onError","        ) {","        /*","         * this function will test browsers's null-case handling-behavior-behavior","         */","            onError(null, options);","        };","","        // run tests","        local.nop(local.modeTest &&","            document.querySelector('#testRunButton1') &&","            document.querySelector('#testRunButton1').click());","        break;","","","","    // run node js-env code - post-init","    /* istanbul ignore next */","    case 'node':","        local.testCase_buildApidoc_default = local.testCase_buildApidoc_default || function (","            options,","            onError","        ) {","        /*","         * this function will test buildApidoc's default handling-behavior-behavior","         */","            options = { modulePathList: module.paths };","            local.buildApidoc(options, onError);","        };","","        local.testCase_buildApp_default = local.testCase_buildApp_default || function (","            options,","            onError","        ) {","        /*","         * this function will test buildApp's default handling-behavior-behavior","         */","            local.testCase_buildReadme_default(options, local.onErrorThrow);","            local.testCase_buildLib_default(options, local.onErrorThrow);","            local.testCase_buildTest_default(options, local.onErrorThrow);","            local.testCase_buildCustomOrg_default(options, local.onErrorThrow);","            options = [];","            local.buildApp(options, onError);","        };","","        local.testCase_buildCustomOrg_default = local.testCase_buildCustomOrg_default ||","            function (options, onError) {","            /*","             * this function will test buildCustomOrg's default handling-behavior","             */","                options = {};","                local.buildCustomOrg(options, onError);","            };","","        local.testCase_buildLib_default = local.testCase_buildLib_default || function (","            options,","            onError","        ) {","        /*","         * this function will test buildLib's default handling-behavior","         */","            options = {};","            local.buildLib(options, onError);","        };","","        local.testCase_buildReadme_default = local.testCase_buildReadme_default || function (","            options,","            onError","        ) {","        /*","         * this function will test buildReadme's default handling-behavior-behavior","         */","            options = {};","            local.buildReadme(options, onError);","        };","","        local.testCase_buildTest_default = local.testCase_buildTest_default || function (","            options,","            onError","        ) {","        /*","         * this function will test buildTest's default handling-behavior","         */","            options = {};","            local.buildTest(options, onError);","        };","","        local.testCase_webpage_default = local.testCase_webpage_default || function (","            options,","            onError","        ) {","        /*","         * this function will test webpage's default handling-behavior","         */","            options = { modeCoverageMerge: true, url: local.serverLocalHost + '?modeTest=1' };","            local.browserTest(options, onError);","        };","","        // run test-server","        local.testRunServer(local);","        break;","    }","}());",""],"l":{"12":2,"14":2,"19":2,"21":2,"23":2,"24":2,"25":2,"30":1,"37":2,"40":2,"43":1,"47":1,"50":1,"52":1,"55":2,"61":2,"62":2,"64":2,"70":1,"76":1,"82":2,"83":2,"85":2,"91":1,"98":1,"102":1,"105":1,"112":1,"119":1,"120":1,"123":1,"130":1,"131":1,"132":1,"133":1,"134":1,"135":1,"138":1,"143":2,"144":2,"147":1,"154":2,"155":2,"158":1,"165":2,"166":2,"169":1,"176":2,"177":2,"180":1,"187":1,"188":1,"192":1,"193":1}},"/home/travis/build/npmtest/node-npmtest-hyperline/lib.npmtest_hyperline.js":{"path":"/home/travis/build/npmtest/node-npmtest-hyperline/lib.npmtest_hyperline.js","s":{"1":2,"2":2,"3":2,"4":2,"5":2,"6":2,"7":2,"8":1,"9":2,"10":2,"11":2,"12":2,"13":1,"14":1,"15":1,"16":1},"b":{"1":[2,1,1,1],"2":[1,1,1,1],"3":[1,1],"4":[2,2],"5":[1,1]},"f":{"1":2,"2":2,"3":2},"fnMap":{"1":{"name":"(anonymous_1)","line":12,"loc":{"start":{"line":12,"column":1},"end":{"line":12,"column":13}}},"2":{"name":"(anonymous_2)","line":19,"loc":{"start":{"line":19,"column":5},"end":{"line":19,"column":17}}},"3":{"name":"(anonymous_3)","line":23,"loc":{"start":{"line":23,"column":24},"end":{"line":23,"column":36}}}},"statementMap":{"1":{"start":{"line":12,"column":0},"end":{"line":53,"column":5}},"2":{"start":{"line":14,"column":4},"end":{"line":14,"column":14}},"3":{"start":{"line":19,"column":4},"end":{"line":52,"column":9}},"4":{"start":{"line":21,"column":8},"end":{"line":21,"column":19}},"5":{"start":{"line":23,"column":8},"end":{"line":35,"column":13}},"6":{"start":{"line":24,"column":12},"end":{"line":34,"column":13}},"7":{"start":{"line":25,"column":16},"end":{"line":28,"column":30}},"8":{"start":{"line":30,"column":16},"end":{"line":33,"column":27}},"9":{"start":{"line":37,"column":8},"end":{"line":39,"column":21}},"10":{"start":{"line":41,"column":8},"end":{"line":41,"column":54}},"11":{"start":{"line":43,"column":8},"end":{"line":43,"column":54}},"12":{"start":{"line":45,"column":8},"end":{"line":51,"column":9}},"13":{"start":{"line":46,"column":12},"end":{"line":46,"column":60}},"14":{"start":{"line":48,"column":12},"end":{"line":48,"column":35}},"15":{"start":{"line":49,"column":12},"end":{"line":49,"column":49}},"16":{"start":{"line":50,"column":12},"end":{"line":50,"column":43}}},"branchMap":{"1":{"line":25,"type":"binary-expr","locations":[{"start":{"line":25,"column":23},"end":{"line":25,"column":62}},{"start":{"line":26,"column":20},"end":{"line":26,"column":70}},{"start":{"line":27,"column":20},"end":{"line":27,"column":71}},{"start":{"line":28,"column":20},"end":{"line":28,"column":29}}]},"2":{"line":30,"type":"binary-expr","locations":[{"start":{"line":30,"column":23},"end":{"line":30,"column":37}},{"start":{"line":31,"column":20},"end":{"line":31,"column":61}},{"start":{"line":32,"column":20},"end":{"line":32,"column":70}},{"start":{"line":33,"column":20},"end":{"line":33,"column":26}}]},"3":{"line":37,"type":"cond-expr","locations":[{"start":{"line":38,"column":14},"end":{"line":38,"column":20}},{"start":{"line":39,"column":14},"end":{"line":39,"column":20}}]},"4":{"line":41,"type":"binary-expr","locations":[{"start":{"line":41,"column":16},"end":{"line":41,"column":44}},{"start":{"line":41,"column":48},"end":{"line":41,"column":53}}]},"5":{"line":45,"type":"if","locations":[{"start":{"line":45,"column":8},"end":{"line":45,"column":8}},{"start":{"line":45,"column":8},"end":{"line":45,"column":8}}]}},"code":["/* istanbul instrument in package npmtest_hyperline */","/*jslint","    bitwise: true,","    browser: true,","    maxerr: 8,","    maxlen: 96,","    node: true,","    nomen: true,","    regexp: true,","    stupid: true","*/","(function () {","    'use strict';","    var local;","","","","    // run shared js-env code - pre-init","    (function () {","        // init local","        local = {};","        // init modeJs","        local.modeJs = (function () {","            try {","                return typeof navigator.userAgent === 'string' &&","                    typeof document.querySelector('body') === 'object' &&","                    typeof XMLHttpRequest.prototype.open === 'function' &&","                    'browser';","            } catch (errorCaughtBrowser) {","                return module.exports &&","                    typeof process.versions.node === 'string' &&","                    typeof require('http').createServer === 'function' &&","                    'node';","            }","        }());","        // init global","        local.global = local.modeJs === 'browser'","            ? window","            : global;","        // init utility2_rollup","        local = local.global.utility2_rollup || local;","        // init lib","        local.local = local.npmtest_hyperline = local;","        // init exports","        if (local.modeJs === 'browser') {","            local.global.utility2_npmtest_hyperline = local;","        } else {","            module.exports = local;","            module.exports.__dirname = __dirname;","            module.exports.module = module;","        }","    }());","}());",""],"l":{"12":2,"14":2,"19":2,"21":2,"23":2,"24":2,"25":2,"30":1,"37":2,"41":2,"43":2,"45":2,"46":1,"48":1,"49":1,"50":1}},"/home/travis/build/npmtest/node-npmtest-hyperline/example.js":{"path":"/home/travis/build/npmtest/node-npmtest-hyperline/example.js","s":{"1":2,"2":2,"3":2,"4":2,"5":2,"6":2,"7":2,"8":1,"9":2,"10":2,"11":2,"12":2,"13":1,"14":2,"15":2,"16":2,"17":2,"18":2,"19":0,"20":2,"21":1,"22":1,"23":1,"24":1,"25":1,"26":0,"27":0,"28":1,"29":1,"30":2,"31":0,"32":0,"33":0,"34":1,"35":2,"36":2,"37":3,"38":3,"39":3,"40":3,"41":0,"42":3,"43":3,"44":3,"45":1,"46":3,"47":1,"48":1,"49":1,"50":1,"51":1,"52":1,"53":1,"54":1,"55":1,"56":1,"57":0,"58":1,"59":6,"60":6,"61":1,"62":2,"63":0,"64":2,"65":1,"66":1,"67":0,"68":0,"69":0,"70":0,"71":0,"72":0,"73":0,"74":0,"75":0,"76":0,"77":0,"78":0,"79":0,"80":0,"81":0,"82":0,"83":0},"b":{"1":[2,1,1,1],"2":[1,1,1,1],"3":[1,1],"4":[2,2],"5":[1,1],"6":[1,1],"7":[2,0],"8":[2,1,1,1,1,1],"9":[0,2,0],"10":[1,1],"11":[2,1,1],"12":[1,0],"13":[0,2],"14":[2,0,0,0,0,0,0],"15":[0,3],"16":[3,0],"17":[1,1],"18":[0,1],"19":[1,2,0,2],"20":[1,0],"21":[1,1],"22":[0,0],"23":[0,0],"24":[0,0],"25":[0,0],"26":[0,0],"27":[0,0],"28":[0,0]},"f":{"1":2,"2":2,"3":2,"4":2,"5":2,"6":2,"7":3,"8":3,"9":3,"10":1,"11":6,"12":0},"fnMap":{"1":{"name":"(anonymous_1)","line":26,"loc":{"start":{"line":26,"column":1},"end":{"line":26,"column":13}}},"2":{"name":"(anonymous_2)","line":33,"loc":{"start":{"line":33,"column":5},"end":{"line":33,"column":17}}},"3":{"name":"(anonymous_3)","line":37,"loc":{"start":{"line":37,"column":24},"end":{"line":37,"column":36}}},"4":{"name":"(anonymous_4)","line":69,"loc":{"start":{"line":69,"column":31},"end":{"line":69,"column":48}},"skip":true},"5":{"name":"(anonymous_5)","line":78,"loc":{"start":{"line":78,"column":26},"end":{"line":78,"column":45}},"skip":true},"6":{"name":"(anonymous_6)","line":123,"loc":{"start":{"line":123,"column":33},"end":{"line":123,"column":48}},"skip":true},"7":{"name":"(anonymous_7)","line":125,"loc":{"start":{"line":125,"column":27},"end":{"line":125,"column":39}},"skip":true},"8":{"name":"(anonymous_8)","line":133,"loc":{"start":{"line":133,"column":59},"end":{"line":133,"column":74}},"skip":true},"9":{"name":"(anonymous_9)","line":143,"loc":{"start":{"line":143,"column":45},"end":{"line":143,"column":62}},"skip":true},"10":{"name":"(anonymous_10)","line":144,"loc":{"start":{"line":144,"column":73},"end":{"line":144,"column":92}},"skip":true},"11":{"name":"(anonymous_11)","line":272,"loc":{"start":{"line":272,"column":51},"end":{"line":272,"column":77}},"skip":true},"12":{"name":"(anonymous_12)","line":315,"loc":{"start":{"line":315,"column":32},"end":{"line":315,"column":61}},"skip":true}},"statementMap":{"1":{"start":{"line":26,"column":0},"end":{"line":326,"column":5}},"2":{"start":{"line":28,"column":4},"end":{"line":28,"column":14}},"3":{"start":{"line":33,"column":4},"end":{"line":60,"column":9}},"4":{"start":{"line":35,"column":8},"end":{"line":35,"column":19}},"5":{"start":{"line":37,"column":8},"end":{"line":49,"column":13}},"6":{"start":{"line":38,"column":12},"end":{"line":48,"column":13}},"7":{"start":{"line":39,"column":16},"end":{"line":42,"column":30}},"8":{"start":{"line":44,"column":16},"end":{"line":47,"column":27}},"9":{"start":{"line":51,"column":8},"end":{"line":53,"column":21}},"10":{"start":{"line":55,"column":8},"end":{"line":57,"column":45}},"11":{"start":{"line":59,"column":8},"end":{"line":59,"column":35}},"12":{"start":{"line":61,"column":4},"end":{"line":325,"column":5}},"13":{"start":{"line":69,"column":8},"end":{"line":121,"column":10},"skip":true},"14":{"start":{"line":70,"column":12},"end":{"line":88,"column":13},"skip":true},"15":{"start":{"line":76,"column":16},"end":{"line":87,"column":19},"skip":true},"16":{"start":{"line":79,"column":20},"end":{"line":86,"column":21},"skip":true},"17":{"start":{"line":82,"column":24},"end":{"line":82,"column":43},"skip":true},"18":{"start":{"line":83,"column":24},"end":{"line":83,"column":30},"skip":true},"19":{"start":{"line":85,"column":24},"end":{"line":85,"column":49},"skip":true},"20":{"start":{"line":89,"column":12},"end":{"line":107,"column":13},"skip":true},"21":{"start":{"line":92,"column":16},"end":{"line":102,"column":17},"skip":true},"22":{"start":{"line":93,"column":20},"end":{"line":93,"column":86},"skip":true},"23":{"start":{"line":94,"column":20},"end":{"line":95,"column":45},"skip":true},"24":{"start":{"line":96,"column":20},"end":{"line":96,"column":42},"skip":true},"25":{"start":{"line":97,"column":20},"end":{"line":97,"column":48},"skip":true},"26":{"start":{"line":100,"column":20},"end":{"line":100,"column":85},"skip":true},"27":{"start":{"line":101,"column":20},"end":{"line":101,"column":96},"skip":true},"28":{"start":{"line":103,"column":16},"end":{"line":103,"column":22},"skip":true},"29":{"start":{"line":106,"column":16},"end":{"line":106,"column":22},"skip":true},"30":{"start":{"line":108,"column":12},"end":{"line":120,"column":13},"skip":true},"31":{"start":{"line":114,"column":16},"end":{"line":119,"column":17},"skip":true},"32":{"start":{"line":116,"column":20},"end":{"line":116,"column":78},"skip":true},"33":{"start":{"line":118,"column":20},"end":{"line":118,"column":47},"skip":true},"34":{"start":{"line":123,"column":8},"end":{"line":141,"column":11},"skip":true},"35":{"start":{"line":124,"column":12},"end":{"line":124,"column":54},"skip":true},"36":{"start":{"line":125,"column":12},"end":{"line":140,"column":14},"skip":true},"37":{"start":{"line":126,"column":16},"end":{"line":126,"column":28},"skip":true},"38":{"start":{"line":127,"column":16},"end":{"line":127,"column":69},"skip":true},"39":{"start":{"line":128,"column":16},"end":{"line":128,"column":75},"skip":true},"40":{"start":{"line":129,"column":16},"end":{"line":131,"column":17},"skip":true},"41":{"start":{"line":130,"column":20},"end":{"line":130,"column":27},"skip":true},"42":{"start":{"line":133,"column":16},"end":{"line":137,"column":36},"skip":true},"43":{"start":{"line":134,"column":20},"end":{"line":136,"column":55},"skip":true},"44":{"start":{"line":139,"column":16},"end":{"line":139,"column":57},"skip":true},"45":{"start":{"line":143,"column":8},"end":{"line":147,"column":11},"skip":true},"46":{"start":{"line":144,"column":12},"end":{"line":146,"column":15},"skip":true},"47":{"start":{"line":145,"column":16},"end":{"line":145,"column":70},"skip":true},"48":{"start":{"line":149,"column":8},"end":{"line":149,"column":31},"skip":true},"49":{"start":{"line":150,"column":8},"end":{"line":150,"column":14},"skip":true},"50":{"start":{"line":158,"column":8},"end":{"line":158,"column":31},"skip":true},"51":{"start":{"line":160,"column":8},"end":{"line":160,"column":33},"skip":true},"52":{"start":{"line":161,"column":8},"end":{"line":161,"column":37},"skip":true},"53":{"start":{"line":162,"column":8},"end":{"line":162,"column":35},"skip":true},"54":{"start":{"line":164,"column":8},"end":{"line":164,"column":50},"skip":true},"55":{"start":{"line":166,"column":8},"end":{"line":256,"column":2},"skip":true},"56":{"start":{"line":258,"column":8},"end":{"line":286,"column":9},"skip":true},"57":{"start":{"line":259,"column":12},"end":{"line":269,"column":14},"skip":true},"58":{"start":{"line":271,"column":12},"end":{"line":285,"column":19},"skip":true},"59":{"start":{"line":274,"column":20},"end":{"line":274,"column":35},"skip":true},"60":{"start":{"line":275,"column":20},"end":{"line":284,"column":21},"skip":true},"61":{"start":{"line":277,"column":24},"end":{"line":277,"column":64},"skip":true},"62":{"start":{"line":279,"column":24},"end":{"line":279,"column":40},"skip":true},"63":{"start":{"line":281,"column":24},"end":{"line":281,"column":40},"skip":true},"64":{"start":{"line":283,"column":24},"end":{"line":283,"column":39},"skip":true},"65":{"start":{"line":288,"column":8},"end":{"line":290,"column":9},"skip":true},"66":{"start":{"line":289,"column":12},"end":{"line":289,"column":18},"skip":true},"67":{"start":{"line":291,"column":8},"end":{"line":293,"column":54},"skip":true},"68":{"start":{"line":296,"column":8},"end":{"line":301,"column":37},"skip":true},"69":{"start":{"line":303,"column":8},"end":{"line":303,"column":82},"skip":true},"70":{"start":{"line":306,"column":8},"end":{"line":308,"column":9},"skip":true},"71":{"start":{"line":307,"column":12},"end":{"line":307,"column":82},"skip":true},"72":{"start":{"line":310,"column":8},"end":{"line":312,"column":9},"skip":true},"73":{"start":{"line":311,"column":12},"end":{"line":311,"column":18},"skip":true},"74":{"start":{"line":313,"column":8},"end":{"line":313,"column":54},"skip":true},"75":{"start":{"line":314,"column":8},"end":{"line":314,"column":69},"skip":true},"76":{"start":{"line":315,"column":8},"end":{"line":323,"column":36},"skip":true},"77":{"start":{"line":316,"column":12},"end":{"line":316,"column":61},"skip":true},"78":{"start":{"line":317,"column":12},"end":{"line":320,"column":13},"skip":true},"79":{"start":{"line":318,"column":16},"end":{"line":318,"column":75},"skip":true},"80":{"start":{"line":319,"column":16},"end":{"line":319,"column":23},"skip":true},"81":{"start":{"line":321,"column":12},"end":{"line":321,"column":38},"skip":true},"82":{"start":{"line":322,"column":12},"end":{"line":322,"column":27},"skip":true},"83":{"start":{"line":324,"column":8},"end":{"line":324,"column":14},"skip":true}},"branchMap":{"1":{"line":39,"type":"binary-expr","locations":[{"start":{"line":39,"column":23},"end":{"line":39,"column":62}},{"start":{"line":40,"column":20},"end":{"line":40,"column":70}},{"start":{"line":41,"column":20},"end":{"line":41,"column":71}},{"start":{"line":42,"column":20},"end":{"line":42,"column":29}}]},"2":{"line":44,"type":"binary-expr","locations":[{"start":{"line":44,"column":23},"end":{"line":44,"column":37}},{"start":{"line":45,"column":20},"end":{"line":45,"column":61}},{"start":{"line":46,"column":20},"end":{"line":46,"column":70}},{"start":{"line":47,"column":20},"end":{"line":47,"column":26}}]},"3":{"line":51,"type":"cond-expr","locations":[{"start":{"line":52,"column":14},"end":{"line":52,"column":20}},{"start":{"line":53,"column":14},"end":{"line":53,"column":20}}]},"4":{"line":55,"type":"binary-expr","locations":[{"start":{"line":55,"column":16},"end":{"line":55,"column":44}},{"start":{"line":55,"column":49},"end":{"line":57,"column":43}}]},"5":{"line":55,"type":"cond-expr","locations":[{"start":{"line":56,"column":14},"end":{"line":56,"column":53}},{"start":{"line":57,"column":14},"end":{"line":57,"column":43}}]},"6":{"line":61,"type":"switch","locations":[{"start":{"line":68,"column":4},"end":{"line":150,"column":14},"skip":true},{"start":{"line":156,"column":4},"end":{"line":324,"column":14},"skip":true}]},"7":{"line":70,"type":"if","locations":[{"start":{"line":70,"column":12},"end":{"line":70,"column":12},"skip":true},{"start":{"line":70,"column":12},"end":{"line":70,"column":12},"skip":true}]},"8":{"line":70,"type":"binary-expr","locations":[{"start":{"line":70,"column":16},"end":{"line":70,"column":22},"skip":true},{"start":{"line":70,"column":27},"end":{"line":70,"column":32},"skip":true},{"start":{"line":71,"column":20},"end":{"line":71,"column":39},"skip":true},{"start":{"line":72,"column":20},"end":{"line":72,"column":49},"skip":true},{"start":{"line":73,"column":20},"end":{"line":73,"column":58},"skip":true},{"start":{"line":74,"column":20},"end":{"line":74,"column":69},"skip":true}]},"9":{"line":79,"type":"switch","locations":[{"start":{"line":80,"column":20},"end":{"line":80,"column":33},"skip":true},{"start":{"line":81,"column":20},"end":{"line":83,"column":30},"skip":true},{"start":{"line":84,"column":20},"end":{"line":85,"column":49},"skip":true}]},"10":{"line":89,"type":"switch","locations":[{"start":{"line":90,"column":12},"end":{"line":103,"column":22},"skip":true},{"start":{"line":105,"column":12},"end":{"line":106,"column":22},"skip":true}]},"11":{"line":89,"type":"binary-expr","locations":[{"start":{"line":89,"column":20},"end":{"line":89,"column":25},"skip":true},{"start":{"line":89,"column":29},"end":{"line":89,"column":48},"skip":true},{"start":{"line":89,"column":52},"end":{"line":89,"column":74},"skip":true}]},"12":{"line":92,"type":"if","locations":[{"start":{"line":92,"column":16},"end":{"line":92,"column":16},"skip":true},{"start":{"line":92,"column":16},"end":{"line":92,"column":16},"skip":true}]},"13":{"line":108,"type":"if","locations":[{"start":{"line":108,"column":12},"end":{"line":108,"column":12},"skip":true},{"start":{"line":108,"column":12},"end":{"line":108,"column":12},"skip":true}]},"14":{"line":108,"type":"binary-expr","locations":[{"start":{"line":108,"column":16},"end":{"line":108,"column":61},"skip":true},{"start":{"line":108,"column":66},"end":{"line":108,"column":72},"skip":true},{"start":{"line":108,"column":77},"end":{"line":108,"column":82},"skip":true},{"start":{"line":109,"column":20},"end":{"line":109,"column":39},"skip":true},{"start":{"line":110,"column":20},"end":{"line":110,"column":49},"skip":true},{"start":{"line":111,"column":20},"end":{"line":111,"column":58},"skip":true},{"start":{"line":112,"column":20},"end":{"line":112,"column":68},"skip":true}]},"15":{"line":129,"type":"if","locations":[{"start":{"line":129,"column":16},"end":{"line":129,"column":16},"skip":true},{"start":{"line":129,"column":16},"end":{"line":129,"column":16},"skip":true}]},"16":{"line":134,"type":"cond-expr","locations":[{"start":{"line":135,"column":26},"end":{"line":135,"column":29},"skip":true},{"start":{"line":136,"column":26},"end":{"line":136,"column":54},"skip":true}]},"17":{"line":164,"type":"binary-expr","locations":[{"start":{"line":164,"column":27},"end":{"line":164,"column":43},"skip":true},{"start":{"line":164,"column":47},"end":{"line":164,"column":49},"skip":true}]},"18":{"line":258,"type":"if","locations":[{"start":{"line":258,"column":8},"end":{"line":258,"column":8},"skip":true},{"start":{"line":258,"column":8},"end":{"line":258,"column":8},"skip":true}]},"19":{"line":275,"type":"switch","locations":[{"start":{"line":276,"column":20},"end":{"line":277,"column":64},"skip":true},{"start":{"line":278,"column":20},"end":{"line":279,"column":40},"skip":true},{"start":{"line":280,"column":20},"end":{"line":281,"column":40},"skip":true},{"start":{"line":282,"column":20},"end":{"line":283,"column":39},"skip":true}]},"20":{"line":288,"type":"if","locations":[{"start":{"line":288,"column":8},"end":{"line":288,"column":8},"skip":true},{"start":{"line":288,"column":8},"end":{"line":288,"column":8},"skip":true}]},"21":{"line":288,"type":"binary-expr","locations":[{"start":{"line":288,"column":12},"end":{"line":288,"column":40},"skip":true},{"start":{"line":288,"column":44},"end":{"line":288,"column":67},"skip":true}]},"22":{"line":292,"type":"binary-expr","locations":[{"start":{"line":292,"column":12},"end":{"line":292,"column":50},"skip":true},{"start":{"line":293,"column":12},"end":{"line":293,"column":53},"skip":true}]},"23":{"line":297,"type":"binary-expr","locations":[{"start":{"line":297,"column":12},"end":{"line":297,"column":67},"skip":true},{"start":{"line":298,"column":12},"end":{"line":301,"column":36},"skip":true}]},"24":{"line":303,"type":"binary-expr","locations":[{"start":{"line":303,"column":43},"end":{"line":303,"column":75},"skip":true},{"start":{"line":303,"column":79},"end":{"line":303,"column":81},"skip":true}]},"25":{"line":306,"type":"if","locations":[{"start":{"line":306,"column":8},"end":{"line":306,"column":8},"skip":true},{"start":{"line":306,"column":8},"end":{"line":306,"column":8},"skip":true}]},"26":{"line":310,"type":"if","locations":[{"start":{"line":310,"column":8},"end":{"line":310,"column":8},"skip":true},{"start":{"line":310,"column":8},"end":{"line":310,"column":8},"skip":true}]},"27":{"line":313,"type":"binary-expr","locations":[{"start":{"line":313,"column":27},"end":{"line":313,"column":43},"skip":true},{"start":{"line":313,"column":47},"end":{"line":313,"column":53},"skip":true}]},"28":{"line":317,"type":"if","locations":[{"start":{"line":317,"column":12},"end":{"line":317,"column":12},"skip":true},{"start":{"line":317,"column":12},"end":{"line":317,"column":12},"skip":true}]}},"code":["/*","example.js","","quickstart example","","instruction","    1. save this script as example.js","    2. run the shell command:","        $ npm install npmtest-hyperline && PORT=8081 node example.js","    3. play with the browser-demo on http://127.0.0.1:8081","*/","","","","/* istanbul instrument in package npmtest_hyperline */","/*jslint","    bitwise: true,","    browser: true,","    maxerr: 8,","    maxlen: 96,","    node: true,","    nomen: true,","    regexp: true,","    stupid: true","*/","(function () {","    'use strict';","    var local;","","","","    // run shared js-env code - pre-init","    (function () {","        // init local","        local = {};","        // init modeJs","        local.modeJs = (function () {","            try {","                return typeof navigator.userAgent === 'string' &&","                    typeof document.querySelector('body') === 'object' &&","                    typeof XMLHttpRequest.prototype.open === 'function' &&","                    'browser';","            } catch (errorCaughtBrowser) {","                return module.exports &&","                    typeof process.versions.node === 'string' &&","                    typeof require('http').createServer === 'function' &&","                    'node';","            }","        }());","        // init global","        local.global = local.modeJs === 'browser'","            ? window","            : global;","        // init utility2_rollup","        local = local.global.utility2_rollup || (local.modeJs === 'browser'","            ? local.global.utility2_npmtest_hyperline","            : global.utility2_moduleExports);","        // export local","        local.global.local = local;","    }());","    switch (local.modeJs) {","","","","    // post-init","    // run browser js-env code - post-init","    /* istanbul ignore next */","    case 'browser':","        local.testRunBrowser = function (event) {","            if (!event || (event &&","                    event.currentTarget &&","                    event.currentTarget.className &&","                    event.currentTarget.className.includes &&","                    event.currentTarget.className.includes('onreset'))) {","                // reset output","                Array.from(","                    document.querySelectorAll('body > .resettable')","                ).forEach(function (element) {","                    switch (element.tagName) {","                    case 'INPUT':","                    case 'TEXTAREA':","                        element.value = '';","                        break;","                    default:","                        element.textContent = '';","                    }","                });","            }","            switch (event && event.currentTarget && event.currentTarget.id) {","            case 'testRunButton1':","                // show tests","                if (document.querySelector('#testReportDiv1').style.display === 'none') {","                    document.querySelector('#testReportDiv1').style.display = 'block';","                    document.querySelector('#testRunButton1').textContent =","                        'hide internal test';","                    local.modeTest = true;","                    local.testRunDefault(local);","                // hide tests","                } else {","                    document.querySelector('#testReportDiv1').style.display = 'none';","                    document.querySelector('#testRunButton1').textContent = 'run internal test';","                }","                break;","            // custom-case","            default:","                break;","            }","            if (document.querySelector('#inputTextareaEval1') && (!event || (event &&","                    event.currentTarget &&","                    event.currentTarget.className &&","                    event.currentTarget.className.includes &&","                    event.currentTarget.className.includes('oneval')))) {","                // try to eval input-code","                try {","                    /*jslint evil: true*/","                    eval(document.querySelector('#inputTextareaEval1').value);","                } catch (errorCaught) {","                    console.error(errorCaught);","                }","            }","        };","        // log stderr and stdout to #outputTextareaStdout1","        ['error', 'log'].forEach(function (key) {","            console[key + '_original'] = console[key];","            console[key] = function () {","                var element;","                console[key + '_original'].apply(console, arguments);","                element = document.querySelector('#outputTextareaStdout1');","                if (!element) {","                    return;","                }","                // append text to #outputTextareaStdout1","                element.value += Array.from(arguments).map(function (arg) {","                    return typeof arg === 'string'","                        ? arg","                        : JSON.stringify(arg, null, 4);","                }).join(' ') + '\\n';","                // scroll textarea to bottom","                element.scrollTop = element.scrollHeight;","            };","        });","        // init event-handling","        ['change', 'click', 'keyup'].forEach(function (event) {","            Array.from(document.querySelectorAll('.on' + event)).forEach(function (element) {","                element.addEventListener(event, local.testRunBrowser);","            });","        });","        // run tests","        local.testRunBrowser();","        break;","","","","    // run node js-env code - post-init","    /* istanbul ignore next */","    case 'node':","        // export local","        module.exports = local;","        // require modules","        local.fs = require('fs');","        local.http = require('http');","        local.url = require('url');","        // init assets","        local.assetsDict = local.assetsDict || {};","        /* jslint-ignore-begin */","        local.assetsDict['/assets.index.template.html'] = '\\","<!doctype html>\\n\\","<html lang=\"en\">\\n\\","<head>\\n\\","<meta charset=\"UTF-8\">\\n\\","<meta name=\"viewport\" content=\"width=device-width, initial-scale=1\">\\n\\","<title>{{env.npm_package_name}} (v{{env.npm_package_version}})</title>\\n\\","<style>\\n\\","/*csslint\\n\\","    box-sizing: false,\\n\\","    universal-selector: false\\n\\","*/\\n\\","* {\\n\\","    box-sizing: border-box;\\n\\","}\\n\\","body {\\n\\","    background: #dde;\\n\\","    font-family: Arial, Helvetica, sans-serif;\\n\\","    margin: 2rem;\\n\\","}\\n\\","body > * {\\n\\","    margin-bottom: 1rem;\\n\\","}\\n\\",".utility2FooterDiv {\\n\\","    margin-top: 20px;\\n\\","    text-align: center;\\n\\","}\\n\\","</style>\\n\\","<style>\\n\\","/*csslint\\n\\","*/\\n\\","textarea {\\n\\","    font-family: monospace;\\n\\","    height: 10rem;\\n\\","    width: 100%;\\n\\","}\\n\\","textarea[readonly] {\\n\\","    background: #ddd;\\n\\","}\\n\\","</style>\\n\\","</head>\\n\\","<body>\\n\\","<!-- utility2-comment\\n\\","<div id=\"ajaxProgressDiv1\" style=\"background: #d00; height: 2px; left: 0; margin: 0; padding: 0; position: fixed; top: 0; transition: background 0.5s, width 1.5s; width: 25%;\"></div>\\n\\","utility2-comment -->\\n\\","<h1>\\n\\","<!-- utility2-comment\\n\\","    <a\\n\\","        {{#if env.npm_package_homepage}}\\n\\","        href=\"{{env.npm_package_homepage}}\"\\n\\","        {{/if env.npm_package_homepage}}\\n\\","        target=\"_blank\"\\n\\","    >\\n\\","utility2-comment -->\\n\\","        {{env.npm_package_name}} (v{{env.npm_package_version}})\\n\\","<!-- utility2-comment\\n\\","    </a>\\n\\","utility2-comment -->\\n\\","</h1>\\n\\","<h3>{{env.npm_package_description}}</h3>\\n\\","<!-- utility2-comment\\n\\","<h4><a download href=\"assets.app.js\">download standalone app</a></h4>\\n\\","<button class=\"onclick onreset\" id=\"testRunButton1\">run internal test</button><br>\\n\\","<div id=\"testReportDiv1\" style=\"display: none;\"></div>\\n\\","utility2-comment -->\\n\\","\\n\\","\\n\\","\\n\\","<label>stderr and stdout</label>\\n\\","<textarea class=\"resettable\" id=\"outputTextareaStdout1\" readonly></textarea>\\n\\","<!-- utility2-comment\\n\\","{{#if isRollup}}\\n\\","<script src=\"assets.app.js\"></script>\\n\\","{{#unless isRollup}}\\n\\","utility2-comment -->\\n\\","<script src=\"assets.utility2.rollup.js\"></script>\\n\\","<script src=\"jsonp.utility2._stateInit?callback=window.utility2._stateInit\"></script>\\n\\","<script src=\"assets.npmtest_hyperline.rollup.js\"></script>\\n\\","<script src=\"assets.example.js\"></script>\\n\\","<script src=\"assets.test.js\"></script>\\n\\","<!-- utility2-comment\\n\\","{{/if isRollup}}\\n\\","utility2-comment -->\\n\\","<div class=\"utility2FooterDiv\">\\n\\","    [ this app was created with\\n\\","    <a href=\"https://github.com/kaizhu256/node-utility2\" target=\"_blank\">utility2</a>\\n\\","    ]\\n\\","</div>\\n\\","</body>\\n\\","</html>\\n\\","';","        /* jslint-ignore-end */","        if (local.templateRender) {","            local.assetsDict['/'] = local.templateRender(","                local.assetsDict['/assets.index.template.html'],","                {","                    env: local.objectSetDefault(local.env, {","                        npm_package_description: 'the greatest app in the world!',","                        npm_package_name: 'my-app',","                        npm_package_nameAlias: 'my_app',","                        npm_package_version: '0.0.1'","                    })","                }","            );","        } else {","            local.assetsDict['/'] = local.assetsDict['/assets.index.template.html']","                .replace((/\\{\\{env\\.(\\w+?)\\}\\}/g), function (match0, match1) {","                    // jslint-hack","                    String(match0);","                    switch (match1) {","                    case 'npm_package_description':","                        return 'the greatest app in the world!';","                    case 'npm_package_name':","                        return 'my-app';","                    case 'npm_package_nameAlias':","                        return 'my_app';","                    case 'npm_package_version':","                        return '0.0.1';","                    }","                });","        }","        // run the cli","        if (local.global.utility2_rollup || module !== require.main) {","            break;","        }","        local.assetsDict['/assets.example.js'] =","            local.assetsDict['/assets.example.js'] ||","            local.fs.readFileSync(__filename, 'utf8');","        // bug-workaround - long $npm_package_buildCustomOrg","        /* jslint-ignore-begin */","        local.assetsDict['/assets.npmtest_hyperline.rollup.js'] =","            local.assetsDict['/assets.npmtest_hyperline.rollup.js'] ||","            local.fs.readFileSync(","                local.npmtest_hyperline.__dirname + '/lib.npmtest_hyperline.js',","                'utf8'","            ).replace((/^#!/), '//');","        /* jslint-ignore-end */","        local.assetsDict['/favicon.ico'] = local.assetsDict['/favicon.ico'] || '';","        // if $npm_config_timeout_exit exists,","        // then exit this process after $npm_config_timeout_exit ms","        if (Number(process.env.npm_config_timeout_exit)) {","            setTimeout(process.exit, Number(process.env.npm_config_timeout_exit));","        }","        // start server","        if (local.global.utility2_serverHttp1) {","            break;","        }","        process.env.PORT = process.env.PORT || '8081';","        console.error('server starting on port ' + process.env.PORT);","        local.http.createServer(function (request, response) {","            request.urlParsed = local.url.parse(request.url);","            if (local.assetsDict[request.urlParsed.pathname] !== undefined) {","                response.end(local.assetsDict[request.urlParsed.pathname]);","                return;","            }","            response.statusCode = 404;","            response.end();","        }).listen(process.env.PORT);","        break;","    }","}());",""],"l":{"26":2,"28":2,"33":2,"35":2,"37":2,"38":2,"39":2,"44":1,"51":2,"55":2,"59":2,"61":2,"69":1,"70":2,"76":2,"79":2,"82":2,"83":2,"85":1,"89":2,"92":1,"93":1,"94":1,"96":1,"97":1,"100":1,"101":1,"103":1,"106":1,"108":2,"114":1,"116":1,"118":1,"123":1,"124":2,"125":2,"126":3,"127":3,"128":3,"129":3,"130":1,"133":3,"134":3,"139":3,"143":1,"144":3,"145":1,"149":1,"150":1,"158":1,"160":1,"161":1,"162":1,"164":1,"166":1,"258":1,"259":1,"271":1,"274":6,"275":6,"277":1,"279":2,"281":1,"283":2,"288":1,"289":1,"291":1,"296":1,"303":1,"306":1,"307":1,"310":1,"311":1,"313":1,"314":1,"315":1,"316":1,"317":1,"318":1,"319":1,"321":1,"322":1,"324":1}},"/home/travis/build/npmtest/node-npmtest-hyperline/node_modules/hyperline/dist/hyperline.js":{"path":"/home/travis/build/npmtest/node-npmtest-hyperline/node_modules/hyperline/dist/hyperline.js","s":{"1":1,"2":1,"3":3,"4":1,"5":1,"6":37,"7":21,"8":16,"9":16,"10":16,"11":16,"12":1,"13":1,"14":1,"15":1,"16":1,"17":1,"18":0,"19":0,"20":0,"21":0,"22":0,"23":0,"24":1,"25":1,"26":0,"27":0,"28":0,"29":0,"30":0,"31":0,"32":0,"33":1,"34":0,"35":0,"36":0,"37":0,"38":0,"39":1,"40":1,"41":1,"42":1,"43":1,"44":1,"45":1,"46":1,"47":1,"48":1,"49":1,"50":0,"51":0,"52":1,"53":0,"54":0,"55":0,"56":1,"57":0,"58":0,"59":0,"60":0,"61":0,"62":1,"63":0,"64":0,"65":0,"66":0,"67":1,"68":0,"69":0,"70":0,"71":0,"72":0,"73":1,"74":0,"75":0,"76":0,"77":0,"78":0,"79":1,"80":0,"81":0,"82":0,"83":0,"84":0,"85":0,"86":0,"87":0,"88":0,"89":0,"90":1,"91":0,"92":0,"93":0,"94":0,"95":0,"96":0,"97":0,"98":0,"99":0,"100":0,"101":1,"102":1,"103":1,"104":1,"105":1,"106":1,"107":1,"108":0,"109":0,"110":0,"111":0,"112":0,"113":0,"114":0,"115":0,"116":0,"117":0,"118":1,"119":1,"120":1,"121":1,"122":1,"123":1,"124":0,"125":0,"126":0,"127":0,"128":0,"129":0,"130":1,"131":0,"132":1,"133":1,"134":0,"135":0,"136":1,"137":1,"138":1,"139":1,"140":1,"141":1,"142":1,"143":1,"144":0,"145":0,"146":0,"147":0,"148":0,"149":1,"150":0,"151":0,"152":1,"153":0,"154":0,"155":0,"156":0,"157":1,"158":0,"159":0,"160":0,"161":0,"162":0,"163":0,"164":0,"165":0,"166":0,"167":0,"168":0,"169":0,"170":0,"171":0,"172":0,"173":0,"174":0,"175":0,"176":0,"177":0,"178":0,"179":0,"180":0,"181":0,"182":0,"183":0,"184":0,"185":1,"186":0,"187":0,"188":0,"189":0,"190":1,"191":0,"192":0,"193":0,"194":0,"195":0,"196":1,"197":1,"198":1,"199":1,"200":1,"201":1,"202":1,"203":1,"204":1,"205":1,"206":1,"207":1,"208":1,"209":1,"210":6,"211":6,"212":0,"213":0,"214":0,"215":0,"216":0,"217":0,"218":0,"219":1,"220":1,"221":1,"222":1,"223":1,"224":0,"225":0,"226":0,"227":0,"228":0,"229":0,"230":0,"231":1,"232":0,"233":0,"234":0,"235":0,"236":0,"237":1,"238":1,"239":1,"240":1,"241":1,"242":1,"243":1,"244":1,"245":2,"246":1,"247":0,"248":0,"249":1,"250":0,"251":0,"252":0,"253":1,"254":0,"255":0,"256":0,"257":0,"258":0,"259":1,"260":0,"261":0,"262":0,"263":0,"264":0,"265":0,"266":1,"267":0,"268":0,"269":0,"270":0,"271":0,"272":0,"273":0,"274":0,"275":0,"276":1,"277":0,"278":0,"279":0,"280":0,"281":0,"282":0,"283":1,"284":1,"285":1,"286":1,"287":1,"288":1,"289":0,"290":0,"291":0,"292":0,"293":0,"294":0,"295":0,"296":0,"297":0,"298":1,"299":1,"300":1,"301":1,"302":0,"303":0,"304":0,"305":0,"306":0,"307":0,"308":0,"309":1,"310":0,"311":0,"312":0,"313":0,"314":0,"315":1,"316":1,"317":1,"318":1,"319":1,"320":1,"321":1,"322":1,"323":1,"324":0,"325":0,"326":1,"327":0,"328":0,"329":0,"330":1,"331":0,"332":0,"333":0,"334":0,"335":0,"336":1,"337":0,"338":0,"339":0,"340":0,"341":0,"342":0,"343":0,"344":0,"345":0,"346":0,"347":0,"348":1,"349":0,"350":0,"351":0,"352":0,"353":0,"354":0,"355":0,"356":0,"357":0,"358":0,"359":0,"360":0,"361":0,"362":0,"363":0,"364":0,"365":0,"366":1,"367":0,"368":0,"369":0,"370":0,"371":0,"372":0,"373":1,"374":1,"375":1,"376":1,"377":1,"378":1,"379":0,"380":0,"381":0,"382":0,"383":0,"384":0,"385":0,"386":1,"387":0,"388":0,"389":0,"390":0,"391":0,"392":1,"393":1,"394":1,"395":1,"396":1,"397":1,"398":1,"399":1,"400":2,"401":1,"402":0,"403":0,"404":1,"405":0,"406":0,"407":0,"408":1,"409":0,"410":0,"411":0,"412":0,"413":0,"414":1,"415":0,"416":1,"417":0,"418":0,"419":0,"420":0,"421":0,"422":0,"423":0,"424":1,"425":0,"426":0,"427":0,"428":0,"429":0,"430":0,"431":0,"432":0,"433":0,"434":0,"435":0,"436":0,"437":0,"438":1,"439":0,"440":0,"441":0,"442":0,"443":0,"444":0,"445":1,"446":1,"447":1,"448":1,"449":1,"450":0,"451":0,"452":0,"453":0,"454":0,"455":0,"456":0,"457":1,"458":0,"459":0,"460":0,"461":0,"462":0,"463":1,"464":1,"465":1,"466":1,"467":1,"468":1,"469":1,"470":1,"471":2,"472":1,"473":0,"474":0,"475":1,"476":0,"477":0,"478":0,"479":1,"480":0,"481":0,"482":0,"483":0,"484":0,"485":1,"486":0,"487":0,"488":0,"489":0,"490":0,"491":0,"492":0,"493":0,"494":0,"495":0,"496":0,"497":1,"498":0,"499":0,"500":0,"501":0,"502":0,"503":0,"504":0,"505":0,"506":0,"507":0,"508":0,"509":0,"510":0,"511":0,"512":0,"513":0,"514":0,"515":0,"516":0,"517":0,"518":0,"519":0,"520":0,"521":0,"522":0,"523":0,"524":0,"525":0,"526":0,"527":0,"528":0,"529":0,"530":0,"531":0,"532":0,"533":0,"534":0,"535":1,"536":0,"537":0,"538":0,"539":0,"540":0,"541":0,"542":0,"543":0,"544":0,"545":0,"546":0,"547":0,"548":0,"549":0,"550":0,"551":0,"552":0,"553":0,"554":1,"555":1,"556":1,"557":1,"558":1,"559":0,"560":0,"561":0,"562":0,"563":0,"564":0,"565":0,"566":1,"567":0,"568":0,"569":0,"570":0,"571":0,"572":1,"573":1,"574":1,"575":1,"576":1,"577":1,"578":1,"579":1,"580":1,"581":0,"582":0,"583":0,"584":0,"585":0,"586":1,"587":0,"588":0,"589":1,"590":0,"591":0,"592":0,"593":1,"594":0,"595":0,"596":0,"597":0,"598":0,"599":1,"600":0,"601":0,"602":0,"603":0,"604":0,"605":0,"606":0,"607":0,"608":0,"609":0,"610":0,"611":1,"612":0,"613":0,"614":0,"615":0,"616":0,"617":0,"618":0,"619":0,"620":0,"621":0,"622":0,"623":0,"624":0,"625":0,"626":0,"627":0,"628":0,"629":0,"630":0,"631":0,"632":0,"633":0,"634":0,"635":0,"636":0,"637":0,"638":0,"639":0,"640":0,"641":1,"642":0,"643":0,"644":0,"645":0,"646":0,"647":0,"648":1,"649":1,"650":1,"651":1,"652":1,"653":0,"654":0,"655":0,"656":0,"657":0,"658":0,"659":0,"660":1,"661":0,"662":0,"663":0,"664":0,"665":0,"666":1,"667":1,"668":1,"669":1,"670":1,"671":1,"672":1,"673":1,"674":0,"675":0,"676":1,"677":0,"678":0,"679":0,"680":1,"681":0,"682":0,"683":0,"684":0,"685":0,"686":1,"687":0,"688":0,"689":0,"690":0,"691":0,"692":0,"693":0,"694":0,"695":0,"696":0,"697":0,"698":0,"699":0,"700":0,"701":0,"702":0,"703":0,"704":0,"705":0,"706":1,"707":0,"708":0,"709":0,"710":0,"711":0,"712":0,"713":0,"714":0,"715":0,"716":0,"717":0,"718":0,"719":0,"720":0,"721":0,"722":0,"723":0,"724":0,"725":0,"726":0,"727":0,"728":0,"729":0,"730":0,"731":0,"732":0,"733":1,"734":0,"735":0,"736":0,"737":0,"738":0,"739":0,"740":0,"741":0,"742":0,"743":0,"744":0,"745":0,"746":1},"b":{"1":[21,16],"2":[1,0],"3":[0,0],"4":[0,0],"5":[0,0],"6":[0,0],"7":[0,0],"8":[1,0],"9":[1,1],"10":[0,0],"11":[0,0],"12":[0,0],"13":[0,0,0],"14":[0,0],"15":[0,0],"16":[0,0],"17":[0,0],"18":[0,0],"19":[0,0],"20":[0,1],"21":[1,1],"22":[0,0],"23":[1,0],"24":[1,1],"25":[0,0],"26":[0,0,0],"27":[1,0],"28":[1,1],"29":[0,0],"30":[0,0],"31":[0,0],"32":[0,0],"33":[0,0],"34":[0,0],"35":[0,0],"36":[0,0],"37":[0,0],"38":[0,0],"39":[0,0],"40":[0,0],"41":[0,0],"42":[0,0],"43":[0,0],"44":[0,0],"45":[0,0],"46":[0,0],"47":[0,0],"48":[6,0],"49":[6,6],"50":[0,0],"51":[0,0],"52":[0,0],"53":[0,0],"54":[0,0],"55":[0,0],"56":[1,1],"57":[2,2],"58":[0,0],"59":[0,0],"60":[0,0],"61":[0,0,0],"62":[0,0],"63":[0,0],"64":[0,0],"65":[0,0],"66":[0,0],"67":[0,0],"68":[0,0],"69":[0,0],"70":[0,0],"71":[0,0],"72":[0,0],"73":[0,0],"74":[1,0],"75":[1,1],"76":[0,0],"77":[0,0],"78":[0,0],"79":[0,0,0],"80":[0,0],"81":[0,0],"82":[0,0],"83":[0,0],"84":[0,0],"85":[0,0],"86":[0,0],"87":[0,0],"88":[0,0],"89":[0,0],"90":[0,0],"91":[1,1],"92":[2,2],"93":[0,0],"94":[0,0],"95":[0,0],"96":[0,0,0],"97":[0,0],"98":[0,0],"99":[0,0],"100":[0,0],"101":[0,0],"102":[0,0],"103":[0,0],"104":[0,0],"105":[0,0],"106":[0,0],"107":[0,0],"108":[1,1],"109":[2,2],"110":[0,0],"111":[0,0],"112":[0,0],"113":[0,0,0],"114":[0,0],"115":[0,0],"116":[0,0],"117":[0,0],"118":[0,0],"119":[0,0],"120":[0,0],"121":[0,0],"122":[0,0],"123":[0,0],"124":[0,0],"125":[0,0],"126":[0,0],"127":[0,0],"128":[0,0],"129":[0,0],"130":[0,0],"131":[0,0],"132":[0,0],"133":[0,0],"134":[0,0],"135":[0,0],"136":[1,0],"137":[1,1],"138":[0,0],"139":[0,0],"140":[0,0],"141":[0,0],"142":[0,0,0],"143":[0,0],"144":[0,0],"145":[0,0],"146":[0,0],"147":[0,0],"148":[0,0],"149":[0,0],"150":[0,0],"151":[0,0],"152":[0,0],"153":[0,0],"154":[0,0],"155":[0,0],"156":[0,0],"157":[0,0],"158":[0,0],"159":[1,0],"160":[1,1],"161":[0,0],"162":[0,0],"163":[0,0],"164":[0,0,0],"165":[0,0],"166":[0,0],"167":[0,0],"168":[0,0],"169":[0,0],"170":[0,0],"171":[0,0],"172":[0,0],"173":[0,0],"174":[0,0],"175":[0,0],"176":[0,0],"177":[0,0],"178":[0,0],"179":[0,0],"180":[0,0]},"f":{"1":1,"2":1,"3":37,"4":1,"5":0,"6":1,"7":0,"8":0,"9":1,"10":0,"11":0,"12":0,"13":0,"14":0,"15":0,"16":0,"17":0,"18":0,"19":0,"20":0,"21":0,"22":0,"23":1,"24":1,"25":0,"26":0,"27":0,"28":1,"29":1,"30":0,"31":0,"32":0,"33":1,"34":0,"35":0,"36":1,"37":0,"38":0,"39":0,"40":0,"41":0,"42":0,"43":0,"44":0,"45":0,"46":0,"47":1,"48":6,"49":1,"50":1,"51":0,"52":0,"53":2,"54":0,"55":0,"56":0,"57":0,"58":0,"59":0,"60":0,"61":0,"62":0,"63":0,"64":0,"65":1,"66":1,"67":1,"68":0,"69":0,"70":1,"71":1,"72":0,"73":0,"74":1,"75":0,"76":0,"77":0,"78":0,"79":0,"80":0,"81":0,"82":0,"83":0,"84":0,"85":0,"86":0,"87":0,"88":0,"89":0,"90":0,"91":0,"92":1,"93":1,"94":1,"95":0,"96":0,"97":2,"98":0,"99":0,"100":0,"101":0,"102":0,"103":0,"104":0,"105":0,"106":0,"107":0,"108":0,"109":0,"110":0,"111":0,"112":1,"113":1,"114":0,"115":0,"116":2,"117":0,"118":0,"119":0,"120":0,"121":0,"122":0,"123":0,"124":0,"125":0,"126":0,"127":0,"128":0,"129":0,"130":0,"131":0,"132":0,"133":1,"134":1,"135":0,"136":0,"137":1,"138":0,"139":0,"140":0,"141":0,"142":0,"143":0,"144":0,"145":0,"146":0,"147":0,"148":0,"149":0,"150":0,"151":0,"152":0,"153":0,"154":0,"155":0,"156":0,"157":1,"158":1,"159":0,"160":0,"161":1,"162":0,"163":0,"164":0,"165":0,"166":0,"167":0,"168":0,"169":0,"170":0,"171":0,"172":0,"173":0,"174":0,"175":0,"176":0,"177":0,"178":0,"179":0,"180":0,"181":0,"182":0},"fnMap":{"1":{"name":"(anonymous_1)","line":1,"loc":{"start":{"line":1,"column":1},"end":{"line":1,"column":16}}},"2":{"name":"(anonymous_2)","line":1,"loc":{"start":{"line":1,"column":68},"end":{"line":1,"column":86}}},"3":{"name":"__webpack_require__","line":6,"loc":{"start":{"line":6,"column":10},"end":{"line":6,"column":49}}},"4":{"name":"(anonymous_4)","line":45,"loc":{"start":{"line":45,"column":6},"end":{"line":45,"column":53}}},"5":{"name":"(anonymous_5)","line":53,"loc":{"start":{"line":53,"column":33},"end":{"line":53,"column":51}}},"6":{"name":"(anonymous_6)","line":55,"loc":{"start":{"line":55,"column":20},"end":{"line":55,"column":32}}},"7":{"name":"defineProperties","line":55,"loc":{"start":{"line":55,"column":34},"end":{"line":55,"column":75}}},"8":{"name":"(anonymous_8)","line":55,"loc":{"start":{"line":55,"column":358},"end":{"line":55,"column":406}}},"9":{"name":"_interopRequireDefault","line":71,"loc":{"start":{"line":71,"column":1},"end":{"line":71,"column":38}}},"10":{"name":"_classCallCheck","line":73,"loc":{"start":{"line":73,"column":1},"end":{"line":73,"column":49}}},"11":{"name":"_possibleConstructorReturn","line":75,"loc":{"start":{"line":75,"column":1},"end":{"line":75,"column":49}}},"12":{"name":"_inherits","line":77,"loc":{"start":{"line":77,"column":1},"end":{"line":77,"column":42}}},"13":{"name":"mapConfigToPluginProp","line":79,"loc":{"start":{"line":79,"column":1},"end":{"line":79,"column":40}}},"14":{"name":"(anonymous_14)","line":80,"loc":{"start":{"line":80,"column":29},"end":{"line":80,"column":45}}},"15":{"name":"reduceUI","line":90,"loc":{"start":{"line":90,"column":1},"end":{"line":90,"column":33}}},"16":{"name":"mapHyperState","line":105,"loc":{"start":{"line":105,"column":1},"end":{"line":105,"column":36}}},"17":{"name":"decorateHyper","line":118,"loc":{"start":{"line":118,"column":1},"end":{"line":118,"column":38}}},"18":{"name":"(anonymous_18)","line":126,"loc":{"start":{"line":126,"column":10},"end":{"line":126,"column":32}}},"19":{"name":"displayName","line":131,"loc":{"start":{"line":131,"column":14},"end":{"line":131,"column":37}}},"20":{"name":"propTypes","line":136,"loc":{"start":{"line":136,"column":14},"end":{"line":136,"column":35}}},"21":{"name":"_class","line":146,"loc":{"start":{"line":146,"column":5},"end":{"line":146,"column":37}}},"22":{"name":"render","line":162,"loc":{"start":{"line":162,"column":14},"end":{"line":162,"column":32}}},"23":{"name":"(anonymous_23)","line":177,"loc":{"start":{"line":177,"column":6},"end":{"line":177,"column":53}}},"24":{"name":"_interopRequireDefault","line":190,"loc":{"start":{"line":190,"column":1},"end":{"line":190,"column":38}}},"25":{"name":"hyperlineFactory","line":192,"loc":{"start":{"line":192,"column":51},"end":{"line":192,"column":84}}},"26":{"name":"HyperLine","line":193,"loc":{"start":{"line":193,"column":19},"end":{"line":193,"column":44}}},"27":{"name":"(anonymous_27)","line":215,"loc":{"start":{"line":215,"column":19},"end":{"line":215,"column":42}}},"28":{"name":"(anonymous_28)","line":233,"loc":{"start":{"line":233,"column":6},"end":{"line":233,"column":32}}},"29":{"name":"(anonymous_29)","line":239,"loc":{"start":{"line":239,"column":6},"end":{"line":239,"column":32}}},"30":{"name":"getColorList","line":252,"loc":{"start":{"line":252,"column":1},"end":{"line":252,"column":31}}},"31":{"name":"(anonymous_31)","line":260,"loc":{"start":{"line":260,"column":18},"end":{"line":260,"column":42}}},"32":{"name":"colorExists","line":267,"loc":{"start":{"line":267,"column":1},"end":{"line":267,"column":28}}},"33":{"name":"(anonymous_33)","line":273,"loc":{"start":{"line":273,"column":6},"end":{"line":273,"column":53}}},"34":{"name":"(anonymous_34)","line":281,"loc":{"start":{"line":281,"column":85},"end":{"line":281,"column":100}}},"35":{"name":"(anonymous_35)","line":281,"loc":{"start":{"line":281,"column":125},"end":{"line":281,"column":140}}},"36":{"name":"_interopRequireDefault","line":292,"loc":{"start":{"line":292,"column":1},"end":{"line":292,"column":38}}},"37":{"name":"_toConsumableArray","line":294,"loc":{"start":{"line":294,"column":1},"end":{"line":294,"column":34}}},"38":{"name":"getPluginFromListByName","line":296,"loc":{"start":{"line":296,"column":1},"end":{"line":296,"column":52}}},"39":{"name":"(anonymous_39)","line":297,"loc":{"start":{"line":297,"column":26},"end":{"line":297,"column":42}}},"40":{"name":"mergeColorConfigs","line":302,"loc":{"start":{"line":302,"column":1},"end":{"line":302,"column":42}}},"41":{"name":"mergePluginConfigs","line":312,"loc":{"start":{"line":312,"column":1},"end":{"line":312,"column":66}}},"42":{"name":"(anonymous_42)","line":317,"loc":{"start":{"line":317,"column":29},"end":{"line":317,"column":59}}},"43":{"name":"(anonymous_43)","line":350,"loc":{"start":{"line":350,"column":24},"end":{"line":350,"column":41}}},"44":{"name":"getDefaultConfig","line":361,"loc":{"start":{"line":361,"column":1},"end":{"line":361,"column":36}}},"45":{"name":"(anonymous_45)","line":364,"loc":{"start":{"line":364,"column":42},"end":{"line":364,"column":78}}},"46":{"name":"mergeConfigs","line":378,"loc":{"start":{"line":378,"column":1},"end":{"line":378,"column":38}}},"47":{"name":"(anonymous_47)","line":394,"loc":{"start":{"line":394,"column":6},"end":{"line":394,"column":53}}},"48":{"name":"_interopRequireWildcard","line":426,"loc":{"start":{"line":426,"column":1},"end":{"line":426,"column":39}}},"49":{"name":"(anonymous_49)","line":436,"loc":{"start":{"line":436,"column":6},"end":{"line":436,"column":53}}},"50":{"name":"(anonymous_50)","line":445,"loc":{"start":{"line":445,"column":20},"end":{"line":445,"column":32}}},"51":{"name":"defineProperties","line":445,"loc":{"start":{"line":445,"column":34},"end":{"line":445,"column":75}}},"52":{"name":"(anonymous_52)","line":445,"loc":{"start":{"line":445,"column":358},"end":{"line":445,"column":406}}},"53":{"name":"_interopRequireDefault","line":461,"loc":{"start":{"line":461,"column":1},"end":{"line":461,"column":38}}},"54":{"name":"_classCallCheck","line":463,"loc":{"start":{"line":463,"column":1},"end":{"line":463,"column":49}}},"55":{"name":"_possibleConstructorReturn","line":465,"loc":{"start":{"line":465,"column":1},"end":{"line":465,"column":49}}},"56":{"name":"_inherits","line":467,"loc":{"start":{"line":467,"column":1},"end":{"line":467,"column":42}}},"57":{"name":"componentFactory","line":469,"loc":{"start":{"line":469,"column":1},"end":{"line":469,"column":42}}},"58":{"name":"PluginIcon","line":470,"loc":{"start":{"line":470,"column":20},"end":{"line":470,"column":46}}},"59":{"name":"(anonymous_59)","line":491,"loc":{"start":{"line":491,"column":10},"end":{"line":491,"column":38}}},"60":{"name":"_class","line":494,"loc":{"start":{"line":494,"column":5},"end":{"line":494,"column":23}}},"61":{"name":"render","line":502,"loc":{"start":{"line":502,"column":14},"end":{"line":502,"column":32}}},"62":{"name":"displayName","line":516,"loc":{"start":{"line":516,"column":14},"end":{"line":516,"column":37}}},"63":{"name":"propTypes","line":521,"loc":{"start":{"line":521,"column":14},"end":{"line":521,"column":35}}},"64":{"name":"validateOptions","line":532,"loc":{"start":{"line":532,"column":49},"end":{"line":532,"column":83}}},"65":{"name":"(anonymous_65)","line":550,"loc":{"start":{"line":550,"column":6},"end":{"line":550,"column":32}}},"66":{"name":"(anonymous_66)","line":556,"loc":{"start":{"line":556,"column":6},"end":{"line":556,"column":32}}},"67":{"name":"(anonymous_67)","line":571,"loc":{"start":{"line":571,"column":6},"end":{"line":571,"column":32}}},"68":{"name":"(anonymous_68)","line":579,"loc":{"start":{"line":579,"column":19},"end":{"line":579,"column":36}}},"69":{"name":"PluginWrapper","line":580,"loc":{"start":{"line":580,"column":23},"end":{"line":580,"column":52}}},"70":{"name":"(anonymous_70)","line":619,"loc":{"start":{"line":619,"column":6},"end":{"line":619,"column":53}}},"71":{"name":"(anonymous_71)","line":628,"loc":{"start":{"line":628,"column":20},"end":{"line":628,"column":32}}},"72":{"name":"defineProperties","line":628,"loc":{"start":{"line":628,"column":34},"end":{"line":628,"column":75}}},"73":{"name":"(anonymous_73)","line":628,"loc":{"start":{"line":628,"column":358},"end":{"line":628,"column":406}}},"74":{"name":"_interopRequireDefault","line":642,"loc":{"start":{"line":642,"column":1},"end":{"line":642,"column":38}}},"75":{"name":"_classCallCheck","line":644,"loc":{"start":{"line":644,"column":1},"end":{"line":644,"column":49}}},"76":{"name":"_possibleConstructorReturn","line":646,"loc":{"start":{"line":646,"column":1},"end":{"line":646,"column":49}}},"77":{"name":"_inherits","line":648,"loc":{"start":{"line":648,"column":1},"end":{"line":648,"column":42}}},"78":{"name":"componentFactory","line":650,"loc":{"start":{"line":650,"column":1},"end":{"line":650,"column":42}}},"79":{"name":"PluginIcon","line":655,"loc":{"start":{"line":655,"column":20},"end":{"line":655,"column":46}}},"80":{"name":"(anonymous_80)","line":693,"loc":{"start":{"line":693,"column":10},"end":{"line":693,"column":32}}},"81":{"name":"displayName","line":698,"loc":{"start":{"line":698,"column":14},"end":{"line":698,"column":37}}},"82":{"name":"propTypes","line":703,"loc":{"start":{"line":703,"column":14},"end":{"line":703,"column":35}}},"83":{"name":"_class","line":710,"loc":{"start":{"line":710,"column":5},"end":{"line":710,"column":28}}},"84":{"name":"(anonymous_84)","line":720,"loc":{"start":{"line":720,"column":42},"end":{"line":720,"column":55}}},"85":{"name":"componentDidMount","line":732,"loc":{"start":{"line":732,"column":14},"end":{"line":732,"column":43}}},"86":{"name":"(anonymous_86)","line":735,"loc":{"start":{"line":735,"column":37},"end":{"line":735,"column":49}}},"87":{"name":"(anonymous_87)","line":736,"loc":{"start":{"line":736,"column":53},"end":{"line":736,"column":66}}},"88":{"name":"componentWillUnmount","line":743,"loc":{"start":{"line":743,"column":14},"end":{"line":743,"column":46}}},"89":{"name":"getMb","line":748,"loc":{"start":{"line":748,"column":14},"end":{"line":748,"column":36}}},"90":{"name":"render","line":753,"loc":{"start":{"line":753,"column":14},"end":{"line":753,"column":32}}},"91":{"name":"validateOptions","line":773,"loc":{"start":{"line":773,"column":49},"end":{"line":773,"column":83}}},"92":{"name":"(anonymous_92)","line":791,"loc":{"start":{"line":791,"column":6},"end":{"line":791,"column":32}}},"93":{"name":"(anonymous_93)","line":797,"loc":{"start":{"line":797,"column":6},"end":{"line":797,"column":53}}},"94":{"name":"(anonymous_94)","line":806,"loc":{"start":{"line":806,"column":20},"end":{"line":806,"column":32}}},"95":{"name":"defineProperties","line":806,"loc":{"start":{"line":806,"column":34},"end":{"line":806,"column":75}}},"96":{"name":"(anonymous_96)","line":806,"loc":{"start":{"line":806,"column":358},"end":{"line":806,"column":406}}},"97":{"name":"_interopRequireDefault","line":822,"loc":{"start":{"line":822,"column":1},"end":{"line":822,"column":38}}},"98":{"name":"_classCallCheck","line":824,"loc":{"start":{"line":824,"column":1},"end":{"line":824,"column":49}}},"99":{"name":"_possibleConstructorReturn","line":826,"loc":{"start":{"line":826,"column":1},"end":{"line":826,"column":49}}},"100":{"name":"_inherits","line":828,"loc":{"start":{"line":828,"column":1},"end":{"line":828,"column":42}}},"101":{"name":"pluginIcon","line":830,"loc":{"start":{"line":830,"column":18},"end":{"line":830,"column":56}}},"102":{"name":"componentFactory","line":851,"loc":{"start":{"line":851,"column":1},"end":{"line":851,"column":42}}},"103":{"name":"(anonymous_103)","line":855,"loc":{"start":{"line":855,"column":10},"end":{"line":855,"column":32}}},"104":{"name":"displayName","line":860,"loc":{"start":{"line":860,"column":14},"end":{"line":860,"column":37}}},"105":{"name":"propTypes","line":865,"loc":{"start":{"line":865,"column":14},"end":{"line":865,"column":35}}},"106":{"name":"_class","line":872,"loc":{"start":{"line":872,"column":5},"end":{"line":872,"column":28}}},"107":{"name":"componentDidMount","line":885,"loc":{"start":{"line":885,"column":14},"end":{"line":885,"column":43}}},"108":{"name":"(anonymous_108)","line":889,"loc":{"start":{"line":889,"column":21},"end":{"line":889,"column":33}}},"109":{"name":"getUptime","line":897,"loc":{"start":{"line":897,"column":14},"end":{"line":897,"column":35}}},"110":{"name":"render","line":902,"loc":{"start":{"line":902,"column":14},"end":{"line":902,"column":32}}},"111":{"name":"validateOptions","line":921,"loc":{"start":{"line":921,"column":49},"end":{"line":921,"column":83}}},"112":{"name":"(anonymous_112)","line":939,"loc":{"start":{"line":939,"column":6},"end":{"line":939,"column":53}}},"113":{"name":"(anonymous_113)","line":948,"loc":{"start":{"line":948,"column":20},"end":{"line":948,"column":32}}},"114":{"name":"defineProperties","line":948,"loc":{"start":{"line":948,"column":34},"end":{"line":948,"column":75}}},"115":{"name":"(anonymous_115)","line":948,"loc":{"start":{"line":948,"column":358},"end":{"line":948,"column":406}}},"116":{"name":"_interopRequireDefault","line":964,"loc":{"start":{"line":964,"column":1},"end":{"line":964,"column":38}}},"117":{"name":"_classCallCheck","line":966,"loc":{"start":{"line":966,"column":1},"end":{"line":966,"column":49}}},"118":{"name":"_possibleConstructorReturn","line":968,"loc":{"start":{"line":968,"column":1},"end":{"line":968,"column":49}}},"119":{"name":"_inherits","line":970,"loc":{"start":{"line":970,"column":1},"end":{"line":970,"column":42}}},"120":{"name":"componentFactory","line":972,"loc":{"start":{"line":972,"column":1},"end":{"line":972,"column":42}}},"121":{"name":"PluginIcon","line":977,"loc":{"start":{"line":977,"column":20},"end":{"line":977,"column":46}}},"122":{"name":"(anonymous_122)","line":1018,"loc":{"start":{"line":1018,"column":10},"end":{"line":1018,"column":32}}},"123":{"name":"displayName","line":1023,"loc":{"start":{"line":1023,"column":14},"end":{"line":1023,"column":37}}},"124":{"name":"propTypes","line":1028,"loc":{"start":{"line":1028,"column":14},"end":{"line":1028,"column":35}}},"125":{"name":"_class","line":1035,"loc":{"start":{"line":1035,"column":5},"end":{"line":1035,"column":28}}},"126":{"name":"componentDidMount","line":1053,"loc":{"start":{"line":1053,"column":14},"end":{"line":1053,"column":43}}},"127":{"name":"(anonymous_127)","line":1056,"loc":{"start":{"line":1056,"column":37},"end":{"line":1056,"column":49}}},"128":{"name":"componentWillUnmount","line":1064,"loc":{"start":{"line":1064,"column":14},"end":{"line":1064,"column":46}}},"129":{"name":"calculateCpuUsage","line":1069,"loc":{"start":{"line":1069,"column":14},"end":{"line":1069,"column":43}}},"130":{"name":"getColor","line":1110,"loc":{"start":{"line":1110,"column":14},"end":{"line":1110,"column":44}}},"131":{"name":"render","line":1123,"loc":{"start":{"line":1123,"column":14},"end":{"line":1123,"column":32}}},"132":{"name":"validateOptions","line":1143,"loc":{"start":{"line":1143,"column":49},"end":{"line":1143,"column":81}}},"133":{"name":"(anonymous_133)","line":1184,"loc":{"start":{"line":1184,"column":6},"end":{"line":1184,"column":53}}},"134":{"name":"(anonymous_134)","line":1193,"loc":{"start":{"line":1193,"column":20},"end":{"line":1193,"column":32}}},"135":{"name":"defineProperties","line":1193,"loc":{"start":{"line":1193,"column":34},"end":{"line":1193,"column":75}}},"136":{"name":"(anonymous_136)","line":1193,"loc":{"start":{"line":1193,"column":358},"end":{"line":1193,"column":406}}},"137":{"name":"_interopRequireDefault","line":1207,"loc":{"start":{"line":1207,"column":1},"end":{"line":1207,"column":38}}},"138":{"name":"_toConsumableArray","line":1209,"loc":{"start":{"line":1209,"column":1},"end":{"line":1209,"column":34}}},"139":{"name":"_classCallCheck","line":1211,"loc":{"start":{"line":1211,"column":1},"end":{"line":1211,"column":49}}},"140":{"name":"_possibleConstructorReturn","line":1213,"loc":{"start":{"line":1213,"column":1},"end":{"line":1213,"column":49}}},"141":{"name":"_inherits","line":1215,"loc":{"start":{"line":1215,"column":1},"end":{"line":1215,"column":42}}},"142":{"name":"componentFactory","line":1217,"loc":{"start":{"line":1217,"column":1},"end":{"line":1217,"column":42}}},"143":{"name":"PluginIcon","line":1222,"loc":{"start":{"line":1222,"column":20},"end":{"line":1222,"column":46}}},"144":{"name":"(anonymous_144)","line":1248,"loc":{"start":{"line":1248,"column":10},"end":{"line":1248,"column":32}}},"145":{"name":"displayName","line":1253,"loc":{"start":{"line":1253,"column":14},"end":{"line":1253,"column":37}}},"146":{"name":"propTypes","line":1258,"loc":{"start":{"line":1258,"column":14},"end":{"line":1258,"column":35}}},"147":{"name":"_class","line":1265,"loc":{"start":{"line":1265,"column":5},"end":{"line":1265,"column":28}}},"148":{"name":"componentDidMount","line":1281,"loc":{"start":{"line":1281,"column":14},"end":{"line":1281,"column":43}}},"149":{"name":"(anonymous_149)","line":1285,"loc":{"start":{"line":1285,"column":37},"end":{"line":1285,"column":49}}},"150":{"name":"componentWillUnmount","line":1291,"loc":{"start":{"line":1291,"column":14},"end":{"line":1291,"column":46}}},"151":{"name":"(anonymous_151)","line":1293,"loc":{"start":{"line":1293,"column":37},"end":{"line":1293,"column":60}}},"152":{"name":"getSpeed","line":1302,"loc":{"start":{"line":1302,"column":14},"end":{"line":1302,"column":34}}},"153":{"name":"(anonymous_153)","line":1305,"loc":{"start":{"line":1305,"column":79},"end":{"line":1305,"column":95}}},"154":{"name":"buildStateObject","line":1311,"loc":{"start":{"line":1311,"column":14},"end":{"line":1311,"column":46}}},"155":{"name":"render","line":1329,"loc":{"start":{"line":1329,"column":14},"end":{"line":1329,"column":32}}},"156":{"name":"validateOptions","line":1350,"loc":{"start":{"line":1350,"column":49},"end":{"line":1350,"column":83}}},"157":{"name":"(anonymous_157)","line":1368,"loc":{"start":{"line":1368,"column":6},"end":{"line":1368,"column":53}}},"158":{"name":"(anonymous_158)","line":1377,"loc":{"start":{"line":1377,"column":20},"end":{"line":1377,"column":32}}},"159":{"name":"defineProperties","line":1377,"loc":{"start":{"line":1377,"column":34},"end":{"line":1377,"column":75}}},"160":{"name":"(anonymous_160)","line":1377,"loc":{"start":{"line":1377,"column":358},"end":{"line":1377,"column":406}}},"161":{"name":"_interopRequireDefault","line":1389,"loc":{"start":{"line":1389,"column":1},"end":{"line":1389,"column":38}}},"162":{"name":"_classCallCheck","line":1391,"loc":{"start":{"line":1391,"column":1},"end":{"line":1391,"column":49}}},"163":{"name":"_possibleConstructorReturn","line":1393,"loc":{"start":{"line":1393,"column":1},"end":{"line":1393,"column":49}}},"164":{"name":"_inherits","line":1395,"loc":{"start":{"line":1395,"column":1},"end":{"line":1395,"column":42}}},"165":{"name":"componentFactory","line":1397,"loc":{"start":{"line":1397,"column":1},"end":{"line":1397,"column":42}}},"166":{"name":"PluginIcon","line":1402,"loc":{"start":{"line":1402,"column":20},"end":{"line":1402,"column":46}}},"167":{"name":"calcCharge","line":1406,"loc":{"start":{"line":1406,"column":22},"end":{"line":1406,"column":51}}},"168":{"name":"(anonymous_168)","line":1465,"loc":{"start":{"line":1465,"column":10},"end":{"line":1465,"column":32}}},"169":{"name":"displayName","line":1470,"loc":{"start":{"line":1470,"column":14},"end":{"line":1470,"column":37}}},"170":{"name":"propTypes","line":1475,"loc":{"start":{"line":1475,"column":14},"end":{"line":1475,"column":35}}},"171":{"name":"_class","line":1482,"loc":{"start":{"line":1482,"column":5},"end":{"line":1482,"column":28}}},"172":{"name":"componentDidMount","line":1499,"loc":{"start":{"line":1499,"column":14},"end":{"line":1499,"column":43}}},"173":{"name":"(anonymous_173)","line":1502,"loc":{"start":{"line":1502,"column":37},"end":{"line":1502,"column":56}}},"174":{"name":"(anonymous_174)","line":1505,"loc":{"start":{"line":1505,"column":40},"end":{"line":1505,"column":57}}},"175":{"name":"componentWillUnmount","line":1512,"loc":{"start":{"line":1512,"column":14},"end":{"line":1512,"column":46}}},"176":{"name":"(anonymous_176)","line":1515,"loc":{"start":{"line":1515,"column":37},"end":{"line":1515,"column":56}}},"177":{"name":"(anonymous_177)","line":1516,"loc":{"start":{"line":1516,"column":40},"end":{"line":1516,"column":57}}},"178":{"name":"handleEvent","line":1523,"loc":{"start":{"line":1523,"column":14},"end":{"line":1523,"column":4
[...]
ions = exports.validateOptions = undefined;","","\tvar _createClass = function () { function defineProperties(target, props) { for (var i = 0; i < props.length; i++) { var descriptor = props[i]; descriptor.enumerable = descriptor.enumerable || false; descriptor.configurable = true; if (\"value\" in descriptor) descriptor.writable = true; Object.defineProperty(target, descriptor.key, descriptor); } } return function (Constructor, protoProps, staticProps) { if (protoProps) defineProperties(Constructor.prototype, protoProps); if (staticProps) defineProperties(Constructor, staticProps); return Constructor; }; }();","","\texports.componentFactory = componentFactory;","","\tvar _systeminformation = __webpack_require__(11);","","\tvar _icons = __webpack_require__(8);","","\tvar _colors = __webpack_require__(3);","","\tvar _PluginWrapper = __webpack_require__(9);","","\tvar _PluginWrapper2 = _interopRequireDefault(_PluginWrapper);","","\tfunction _interopRequireDefault(obj) { return obj && obj.__esModule ? obj : { default: obj }; }","","\tfunction _toConsumableArray(arr) { if (Array.isArray(arr)) { for (var i = 0, arr2 = Array(arr.length); i < arr.length; i++) { arr2[i] = arr[i]; } return arr2; } else { return Array.from(arr); } }","","\tfunction _classCallCheck(instance, Constructor) { if (!(instance instanceof Constructor)) { throw new TypeError(\"Cannot call a class as a function\"); } }","","\tfunction _possibleConstructorReturn(self, call) { if (!self) { throw new ReferenceError(\"this hasn't been initialised - super() hasn't been called\"); } return call && (typeof call === \"object\" || typeof call === \"function\") ? call : self; }","","\tfunction _inherits(subClass, superClass) { if (typeof superClass !== \"function\" && superClass !== null) { throw new TypeError(\"Super expression must either be null or a function, not \" + typeof superClass); } subClass.prototype = Object.create(superClass && superClass.prototype, { constructor: { value: subClass, enumerable: false, writable: true, configurable: true } }); if (superClass) Object.setPrototypeOf ? Object.setPrototypeOf(subClass, superClass) : subClass.__proto__ = superClass; }","","\tfunction componentFactory(React, colors) {","\t  var Component = React.Component;","\t  var PropTypes = React.PropTypes;","","","\t  var PluginIcon = function PluginIcon(_ref) {","\t    var fillColor = _ref.fillColor;","\t    return React.createElement(","\t      'svg',","\t      { style: _icons.iconStyles, xmlns: 'http://www.w3.org/2000/svg' },","\t      React.createElement(","\t        'g',","\t        { fill: 'none', fillRule: 'evenodd' },","\t        React.createElement(","\t          'g',","\t          { fill: fillColor, transform: 'translate(1.000000, 1.000000)' },","\t          React.createElement(","\t            'g',","\t            null,","\t            React.createElement('path', { d: 'M0,10 L7,10 L7,11 L0,11 L0,10 Z M1,11 L6,11 L6,12 L1,12 L1,11 Z M2,12 L5,12 L5,13 L2,13 L2,12 Z M3,13 L4,13 L4,14 L3,14 L3,13 Z M2,3 L5,3 L5,10 L2,10 L2,3 Z' }),","\t            React.createElement('path', { d: 'M8,2 L13,2 L13,3 L8,3 L8,2 Z M9,1 L12,1 L12,2 L9,2 L9,1 Z M10,0 L11,0 L11,1 L10,1 L10,0 Z M7,3 L14,3 L14,4 L7,4 L7,3 Z M9,4 L12,4 L12,11 L9,11 L9,4 Z' })","\t          )","\t        )","\t      )","\t    );","\t  };","","\t  PluginIcon.propTypes = {","\t    fillColor: PropTypes.string","\t  };","","\t  return function (_Component) {","\t    _inherits(_class, _Component);","","\t    _createClass(_class, null, [{","\t      key: 'displayName',","\t      value: function displayName() {","\t        return 'Network Speed plugin';","\t      }","\t    }, {","\t      key: 'propTypes',","\t      value: function propTypes() {","\t        return {","\t          options: PropTypes.object","\t        };","\t      }","\t    }]);","","\t    function _class(props) {","\t      _classCallCheck(this, _class);","","\t      var _this = _possibleConstructorReturn(this, Object.getPrototypeOf(_class).call(this, props));","","\t      _this.state = {","\t        download: 0,","\t        upload: 0","\t      };","","\t      _this.networkPromises = [];","\t      return _this;","\t    }","","\t    _createClass(_class, [{","\t      key: 'componentDidMount',","\t      value: function componentDidMount() {","\t        var _this2 = this;","","\t        this.getSpeed();","\t        this.interval = setInterval(function () {","\t          return _this2.getSpeed();","\t        }, 500);","\t      }","\t    }, {","\t      key: 'componentWillUnmount',","\t      value: function componentWillUnmount() {","\t        clearInterval(this.interval);","\t        this.networkPromises.reduce(function (items, item) {","\t          if (typeof item.cancel !== 'undefined') {","\t            item.cancel();","\t          }","\t          return [].concat(_toConsumableArray(items), [item]);","\t        }, []);","\t      }","\t    }, {","\t      key: 'getSpeed',","\t      value: function getSpeed() {","\t        var _this3 = this;","","\t        this.networkPromises.push((0, _systeminformation.networkStats)().then(function (data) {","\t          return _this3.setState(_this3.buildStateObject(data));","\t        }));","\t      }","\t    }, {","\t      key: 'buildStateObject',","\t      value: function buildStateObject(data) {","\t        var rawDownload = data.rx_sec / 1024;","\t        if (rawDownload < 0 || isNaN(rawDownload)) {","\t          rawDownload = 0;","\t        }","","\t        var rawUpload = data.tx_sec / 1024;","\t        if (rawUpload < 0 || isNaN(rawUpload)) {","\t          rawUpload = 0;","\t        }","","\t        return Object.assign({}, {","\t          download: rawDownload.toFixed(),","\t          upload: rawUpload.toFixed()","\t        });","\t      }","\t    }, {","\t      key: 'render',","\t      value: function render() {","\t        var PluginWrapper = (0, _PluginWrapper2.default)(React);","\t        var fillColor = colors[this.props.options.color];","","\t        return React.createElement(","\t          PluginWrapper,","\t          { color: fillColor },","\t          React.createElement(PluginIcon, { fillColor: fillColor }),","\t          ' ',","\t          this.state.download,","\t          'kB/s ',","\t          this.state.upload,","\t          'kB/s'","\t        );","\t      }","\t    }]);","","\t    return _class;","\t  }(Component);","\t}","","\tvar validateOptions = exports.validateOptions = function validateOptions(options) {","\t  var errors = [];","","\t  if (!options.color) {","\t    errors.push('\\'color\\' color string is required but missing.');","\t  } else if (!(0, _colors.colorExists)(options.color)) {","\t    errors.push('invalid color \\'' + options.color + '\\'');","\t  }","","\t  return errors;","\t};","","\tvar defaultOptions = exports.defaultOptions = {","\t  color: 'lightCyan'","\t};","","/***/ },","/* 15 */","/***/ function(module, exports, __webpack_require__) {","","\t'use strict';","","\tObject.defineProperty(exports, \"__esModule\", {","\t  value: true","\t});","\texports.defaultOptions = exports.validateOptions = undefined;","","\tvar _createClass = function () { function defineProperties(target, props) { for (var i = 0; i < props.length; i++) { var descriptor = props[i]; descriptor.enumerable = descriptor.enumerable || false; descriptor.configurable = true; if (\"value\" in descriptor) descriptor.writable = true; Object.defineProperty(target, descriptor.key, descriptor); } } return function (Constructor, protoProps, staticProps) { if (protoProps) defineProperties(Constructor.prototype, protoProps); if (staticProps) defineProperties(Constructor, staticProps); return Constructor; }; }();","","\texports.componentFactory = componentFactory;","","\tvar _icons = __webpack_require__(8);","","\tvar _colors = __webpack_require__(3);","","\tvar _PluginWrapper = __webpack_require__(9);","","\tvar _PluginWrapper2 = _interopRequireDefault(_PluginWrapper);","","\tfunction _interopRequireDefault(obj) { return obj && obj.__esModule ? obj : { default: obj }; }","","\tfunction _classCallCheck(instance, Constructor) { if (!(instance instanceof Constructor)) { throw new TypeError(\"Cannot call a class as a function\"); } }","","\tfunction _possibleConstructorReturn(self, call) { if (!self) { throw new ReferenceError(\"this hasn't been initialised - super() hasn't been called\"); } return call && (typeof call === \"object\" || typeof call === \"function\") ? call : self; }","","\tfunction _inherits(subClass, superClass) { if (typeof superClass !== \"function\" && superClass !== null) { throw new TypeError(\"Super expression must either be null or a function, not \" + typeof superClass); } subClass.prototype = Object.create(superClass && superClass.prototype, { constructor: { value: subClass, enumerable: false, writable: true, configurable: true } }); if (superClass) Object.setPrototypeOf ? Object.setPrototypeOf(subClass, superClass) : subClass.__proto__ = superClass; }","","\tfunction componentFactory(React, colors) {","\t  var Component = React.Component;","\t  var PropTypes = React.PropTypes;","","","\t  var PluginIcon = function PluginIcon(_ref) {","\t    var state = _ref.state;","\t    var fillColor = _ref.fillColor;","","\t    var calcCharge = function calcCharge(percent) {","\t      var base = 3.5,","\t          val = Math.round((100 - percent) / 4.5),","\t          point = base + val / 2;","","\t      return val > 0 ? 'M5,3 L11,3 L11,' + point + ' L5,' + point + ' L5,3 Z' : '';","\t    };","","\t    var states = {","\t      CHARGING: React.createElement(","\t        'svg',","\t        { style: _icons.iconStyles, xmlns: 'http://www.w3.org/2000/svg' },","\t        React.createElement(","\t          'g',","\t          { fillRule: 'evenodd' },","\t          React.createElement(","\t            'g',","\t            { fill: fillColor },","\t            React.createElement('path', { d: 'M9,10 L10,10 L10,9 L6,9 L6,10 L7,10 L7,13 L9,13 L9,10 Z M7,1 L9,1 L9,2 L7,2 L7,1 Z M4,2 L12,2 L12,15 L4,15 L4,2 Z M5,6 L11,6 L11,7 L5,7 L5,6 Z M5,7 L11,7 L11,8 L5,8 L5,7 Z M5,8 L11,8 L11,9 L5,9 L5,8 Z M9,4 L10,4 L10,6 L9,6 L9,4 Z M6,4 L7,4 L7,6 L6,6 L6,4 Z' })","\t          )","\t        )","\t      ),","\t      DISCHARGING: React.createElement(","\t        'svg',","\t        { style: _icons.iconStyles, xmlns: 'http://www.w3.org/2000/svg' },","\t        React.createElement(","\t          'g',","\t          { fillRule: 'evenodd' },","\t          React.createElement(","\t            'g',","\t            { fill: fillColor },","\t            React.createElement('path', { d: 'M7,1 L9,1 L9,2 L7,2 L7,1 Z M4,2 L12,2 L12,15 L4,15 L4,2 Z ' + calcCharge(state.percent) })","\t          )","\t        )","\t      ),","\t      CRITICAL: React.createElement(","\t        'svg',","\t        { style: _icons.iconStyles, xmlns: 'http://www.w3.org/2000/svg' },","\t        React.createElement(","\t          'g',","\t          { fillRule: 'evenodd' },","\t          React.createElement(","\t            'g',","\t            { fill: fillColor },","\t            React.createElement('path', { d: 'M7,1 L9,1 L9,2 L7,2 L7,1 Z M4,2 L12,2 L12,15 L4,15 L4,2 Z M5,3 L11,3 L11,11 L5,11 L5,3 Z' })","\t          )","\t        )","\t      )","\t    };","","\t    if (state.percent <= 20 && !state.ischarging) {","\t      return states.CRITICAL;","\t    } else if (!state.ischarging) {","\t      return states.DISCHARGING;","\t    }","","\t    return states.CHARGING;","\t  };","","\t  return function (_Component) {","\t    _inherits(_class, _Component);","","\t    _createClass(_class, null, [{","\t      key: 'displayName',","\t      value: function displayName() {","\t        return 'Battery plugin';","\t      }","\t    }, {","\t      key: 'propTypes',","\t      value: function propTypes() {","\t        return {","\t          options: PropTypes.object","\t        };","\t      }","\t    }]);","","\t    function _class(props) {","\t      _classCallCheck(this, _class);","","\t      var _this = _possibleConstructorReturn(this, Object.getPrototypeOf(_class).call(this, props));","","\t      _this.state = {","\t        ischarging: false,","\t        percent: '--'","\t      };","","\t      _this.batteryEvents = ['chargingchange', 'chargingtimechange', 'dischargingtimechange', 'levelchange'];","\t      _this.handleEvent = _this.handleEvent.bind(_this);","\t      return _this;","\t    }","","\t    _createClass(_class, [{","\t      key: 'componentDidMount',","\t      value: function componentDidMount() {","\t        var _this2 = this;","","\t        navigator.getBattery().then(function (battery) {","\t          _this2.setBatteryStatus(battery);","","\t          _this2.batteryEvents.forEach(function (event) {","\t            battery.addEventListener(event, _this2.handleEvent, false);","\t          });","\t        });","\t      }","\t    }, {","\t      key: 'componentWillUnmount',","\t      value: function componentWillUnmount() {","\t        var _this3 = this;","","\t        navigator.getBattery().then(function (battery) {","\t          _this3.batteryEvents.forEach(function (event) {","\t            battery.removeEventListener(event, _this3.handleEvent);","\t          });","\t        });","\t      }","\t    }, {","\t      key: 'handleEvent',","\t      value: function handleEvent(event) {","\t        this.setBatteryStatus(event.target);","\t      }","\t    }, {","\t      key: 'setBatteryStatus',","\t      value: function setBatteryStatus(battery) {","\t        this.setState(Object.assign({}, {","\t          ischarging: battery.charging,","\t          percent: Math.floor(battery.level * 100)","\t        }));","\t      }","\t    }, {","\t      key: 'getColor',","\t      value: function getColor(batteryState) {","\t        var colors = this.props.options.colors;","","\t        if (batteryState.percent <= 20 && !batteryState.ischarging) {","\t          return colors.critical;","\t        }","","\t        return colors.fine;","\t      }","\t    }, {","\t      key: 'render',","\t      value: function render() {","\t        var PluginWrapper = (0, _PluginWrapper2.default)(React);","\t        var fillColor = colors[this.getColor(this.state)];","","\t        return React.createElement(","\t          PluginWrapper,","\t          { color: fillColor },","\t          React.createElement(PluginIcon, { state: this.state, fillColor: fillColor }),","\t          ' ',","\t          this.state.percent,","\t          '%'","\t        );","\t      }","\t    }]);","","\t    return _class;","\t  }(Component);","\t}","","\tvar validateOptions = exports.validateOptions = function validateOptions(options) {","\t  var errors = [];","","\t  if (!options.colors) {","\t    errors.push('\\'colors\\' object is required but missing.');","\t  } else {","\t    if (!options.colors.fine) {","\t      errors.push('\\'colors.fine\\' color string is required but missing.');","\t    } else if (!(0, _colors.colorExists)(options.colors.fine)) {","\t      errors.push('invalid color \\'' + options.colors.fine + '\\'');","\t    }","","\t    if (!options.colors.critical) {","\t      errors.push('\\'colors.critical\\' color string is required but missing.');","\t    } else if (!(0, _colors.colorExists)(options.colors.critical)) {","\t      errors.push('invalid color \\'' + options.colors.critical + '\\'');","\t    }","\t  }","","\t  return errors;","\t};","","\tvar defaultOptions = exports.defaultOptions = {","\t  colors: {","\t    fine: 'lightGreen',","\t    critical: 'lightRed'","\t  }","\t};","","/***/ }","/******/ ])));"],"l":{"1":3,"3":1,"6":1,"9":37,"10":21,"13":16,"20":16,"23":16,"26":16,"31":1,"34":1,"37":1,"40":1,"49":1,"53":1,"55":1,"57":1,"58":1,"59":1,"61":1,"63":1,"65":1,"67":1,"69":1,"71":1,"73":1,"75":1,"77":1,"79":1,"80":0,"81":0,"82":0,"83":0,"90":1,"91":0,"92":0,"94":0,"98":0,"102":0,"105":1,"106":0,"107":0,"108":0,"109":0,"111":0,"118":1,"119":0,"120":0,"121":0,"122":0,"124":0,"126":0,"127":0,"129":0,"132":0,"137":0,"146":1,"147":0,"149":0,"151":0,"153":0,"154":0,"156":0,"157":0,"160":0,"163":0,"171":0,"181":1,"184":1,"186":1,"188":1,"190":1,"192":1,"193":0,"194":0,"195":0,"196":0,"198":0,"212":0,"216":0,"217":0,"222":0,"228":0,"235":1,"243":1,"246":1,"247":1,"250":1,"252":1,"254":0,"255":0,"259":0,"260":0,"261":0,"264":0,"267":1,"268":0,"277":1,"281":1,"283":1,"284":1,"286":1,"288":1,"290":1,"292":1,"294":1,"296":1,"297":0,"298":0,"302":1,"303":0,"305":0,"306":0,"309":0,"312":1,"313":0,"314":0,"317":0,"318":0,"319":0,"320":0,"321":0,"324":0,"325":0,"326":0,"329":0,"331":0,"332":0,"335":0,"336":0,"337":0,"340":0,"341":0,"344":0,"345":0,"347":0,"348":0,"349":0,"350":0,"351":0,"353":0,"357":0,"361":1,"362":0,"365":0,"368":0,"373":0,"378":1,"379":0,"380":0,"382":0,"383":0,"386":0,"398":1,"402":1,"404":1,"406":1,"408":1,"410":1,"412":1,"414":1,"416":1,"418":1,"420":1,"422":1,"424":1,"426":6,"432":1,"440":1,"443":1,"445":1,"447":1,"449":1,"451":1,"453":1,"455":1,"457":1,"459":1,"461":2,"463":1,"465":1,"467":1,"469":1,"470":0,"471":0,"472":0,"487":0,"491":0,"492":0,"494":1,"495":0,"497":0,"500":0,"503":0,"504":0,"506":0,"517":0,"522":0,"528":0,"532":1,"533":0,"535":0,"536":0,"537":0,"538":0,"541":0,"544":1,"552":1,"560":1,"563":1,"575":1,"579":1,"580":0,"581":0,"582":0,"584":0,"598":0,"599":0,"602":0,"609":0,"614":0,"623":1,"626":1,"628":1,"630":1,"632":1,"634":1,"636":1,"638":1,"640":1,"642":1,"644":1,"646":1,"648":1,"650":1,"651":0,"652":0,"655":0,"656":0,"657":0,"689":0,"693":0,"694":0,"696":0,"699":0,"704":0,"710":1,"711":0,"713":0,"715":0,"720":0,"721":0,"727":0,"730":0,"733":0,"735":0,"736":0,"737":0,"744":0,"749":0,"754":0,"755":0,"757":0,"769":0,"773":1,"774":0,"776":0,"777":0,"778":0,"779":0,"782":0,"785":1,"793":1,"801":1,"804":1,"806":1,"808":1,"810":1,"812":1,"814":1,"816":1,"818":1,"820":1,"822":2,"824":1,"826":1,"828":1,"830":1,"831":0,"851":1,"852":0,"853":0,"855":0,"856":0,"858":0,"861":0,"866":0,"872":1,"873":0,"875":0,"877":0,"880":0,"883":0,"886":0,"889":0,"890":0,"898":0,"903":0,"904":0,"906":0,"917":0,"921":1,"922":0,"924":0,"925":0,"926":0,"927":0,"930":0,"933":1,"943":1,"946":1,"948":1,"950":1,"952":1,"954":1,"956":1,"958":1,"960":1,"962":1,"964":2,"966":1,"968":1,"970":1,"972":1,"973":0,"974":0,"977":0,"978":0,"979":0,"1014":0,"1018":0,"1019":0,"1021":0,"1024":0,"1029":0,"1035":1,"1036":0,"1038":0,"1040":0,"1044":0,"1048":0,"1051":0,"1054":0,"1056":0,"1057":0,"1065":0,"1070":0,"1076":0,"1078":0,"1079":0,"1081":0,"1082":0,"1083":0,"1087":0,"1090":0,"1091":0,"1093":0,"1094":0,"1096":0,"1098":0,"1101":0,"1106":0,"1111":0,"1113":0,"1114":0,"1115":0,"1116":0,"1118":0,"1124":0,"1125":0,"1126":0,"1128":0,"1139":0,"1143":1,"1144":0,"1145":0,"1147":0,"1149":0,"1150":0,"1152":0,"1153":0,"1154":0,"1155":0,"1158":0,"1159":0,"1160":0,"1161":0,"1164":0,"1165":0,"1166":0,"1167":0,"1171":0,"1174":1,"1188":1,"1191":1,"1193":1,"1195":1,"1197":1,"1199":1,"1201":1,"1203":1,"1205":1,"1207":1,"1209":1,"1211":1,"1213":1,"1215":1,"1217":1,"1218":0,"1219":0,"1222":0,"1223":0,"1224":0,"1244":0,"1248":0,"1249":0,"1251":0,"1254":0,"1259":0,"1265":1,"1266":0,"1268":0,"1270":0,"1275":0,"1276":0,"1279":0,"1282":0,"1284":0,"1285":0,"1286":0,"1292":0,"1293":0,"1294":0,"1295":0,"1297":0,"1303":0,"1305":0,"1306":0,"1312":0,"1313":0,"1314":0,"1317":0,"1318":0,"1319":0,"1322":0,"1330":0,"1331":0,"1333":0,"1346":0,"1350":1,"1351":0,"1353":0,"1354":0,"1355":0,"1356":0,"1359":0,"1362":1,"1372":1,"1375":1,"1377":1,"1379":1,"1381":1,"1383":1,"1385":1,"1387":1,"1389":1,"1391":1,"1393":1,"1395":1,"1397":1,"1398":0,"1399":0,"1402":0,"1403":0,"1404":0,"1406":0,"1407":0,"1411":0,"1414":0,"1456":0,"1457":0,"1458":0,"1459":0,"1462":0,"1465":0,"1466":0,"1468":0,"1471":0,"1476":0,"1482":1,"1483":0,"1485":0,"1487":0,"1492":0,"1493":0,"1494":0,"1497":0,"1500":0,"1502":0,"1503":0,"1505":0,"1506":0,"1513":0,"1515":0,"1516":0,"1517":0,"1524":0,"1529":0,"1537":0,"1539":0,"1540":0,"1543":0,"1548":0,"1549":0,"1551":0,"1562":0,"1566":1,"1567":0,"1569":0,"1570":0,"1572":0,"1573":0,"1574":0,"1575":0,"1578":0,"1579":0,"1580":0,"1581":0,"1585":0,"1588":1}}}